0 info it worked if it ends with ok
1 verbose cli [ '/opt/node/bin/node',
1 verbose cli   '/opt/node/bin/npm',
1 verbose cli   'install',
1 verbose cli   '-g',
1 verbose cli   'nodemon' ]
2 info using npm@1.1.63
3 info using node@v0.8.12
4 verbose read json /opt/node/lib/package.json
5 verbose read json /opt/node/lib/package.json
6 verbose cache add [ 'nodemon', null ]
7 silly cache add name=undefined spec="nodemon" args=["nodemon",null]
8 verbose parsed url { pathname: 'nodemon', path: 'nodemon', href: 'nodemon' }
9 silly lockFile 1625b929-nodemon nodemon
10 verbose lock nodemon /root/.npm/1625b929-nodemon.lock
11 silly lockFile 1625b929-nodemon nodemon
12 verbose addNamed [ 'nodemon', '' ]
13 verbose addNamed [ null, '' ]
14 silly lockFile 4f5e51c6-nodemon nodemon@
15 verbose lock nodemon@ /root/.npm/4f5e51c6-nodemon.lock
16 silly addNameRange { name: 'nodemon', range: '', hasData: false }
17 verbose url raw nodemon
18 verbose url resolving [ 'https://registry.npmjs.org/', './nodemon' ]
19 verbose url resolved https://registry.npmjs.org/nodemon
20 info trying registry request attempt 1 at 21:39:05
21 verbose etag "1SIMFUO2YKUJ4DJGDJKDHXXNW"
22 http GET https://registry.npmjs.org/nodemon
23 http 304 https://registry.npmjs.org/nodemon
24 silly registry.get cb [ 304,
24 silly registry.get   { date: 'Wed, 18 Jun 2014 19:39:05 GMT',
24 silly registry.get     server: 'Apache',
24 silly registry.get     via: '1.1 varnish',
24 silly registry.get     'last-modified': 'Wed, 18 Jun 2014 19:39:05 GMT',
24 silly registry.get     'cache-control': 'max-age=30',
24 silly registry.get     etag: '"1SIMFUO2YKUJ4DJGDJKDHXXNW"',
24 silly registry.get     'x-served-by': 'cache-fra1230-FRA',
24 silly registry.get     'x-cache': 'HIT',
24 silly registry.get     'x-cache-hits': '1',
24 silly registry.get     'x-timer': 'S1403120345.644092,VS0,VE0',
24 silly registry.get     vary: 'Accept',
24 silly registry.get     'content-length': '0',
24 silly registry.get     'keep-alive': 'timeout=10, max=50',
24 silly registry.get     connection: 'Keep-Alive' } ]
25 verbose etag nodemon from cache
26 silly addNameRange number 2 { name: 'nodemon', range: '', hasData: true }
27 silly addNameRange versions [ 'nodemon',
27 silly addNameRange   [ '0.1.4',
27 silly addNameRange     '0.1.5',
27 silly addNameRange     '0.1.6',
27 silly addNameRange     '0.1.7',
27 silly addNameRange     '0.1.8',
27 silly addNameRange     '0.2.0',
27 silly addNameRange     '0.2.1',
27 silly addNameRange     '0.2.2',
27 silly addNameRange     '0.3.0',
27 silly addNameRange     '0.3.1',
27 silly addNameRange     '0.3.2',
27 silly addNameRange     '0.4.0',
27 silly addNameRange     '0.4.1',
27 silly addNameRange     '0.5.0',
27 silly addNameRange     '0.5.1',
27 silly addNameRange     '0.5.2',
27 silly addNameRange     '0.5.3',
27 silly addNameRange     '0.5.4',
27 silly addNameRange     '0.5.5',
27 silly addNameRange     '0.5.6',
27 silly addNameRange     '0.5.7',
27 silly addNameRange     '0.6.0',
27 silly addNameRange     '0.6.1',
27 silly addNameRange     '0.6.2',
27 silly addNameRange     '0.6.3',
27 silly addNameRange     '0.6.4',
27 silly addNameRange     '0.6.5',
27 silly addNameRange     '0.6.6',
27 silly addNameRange     '0.6.7',
27 silly addNameRange     '0.6.8',
27 silly addNameRange     '0.6.9',
27 silly addNameRange     '0.6.10',
27 silly addNameRange     '0.6.11',
27 silly addNameRange     '0.6.12',
27 silly addNameRange     '0.6.13',
27 silly addNameRange     '0.6.14',
27 silly addNameRange     '0.6.15',
27 silly addNameRange     '0.6.16',
27 silly addNameRange     '0.6.17',
27 silly addNameRange     '0.6.18',
27 silly addNameRange     '0.6.19',
27 silly addNameRange     '0.6.20',
27 silly addNameRange     '0.6.21',
27 silly addNameRange     '0.6.22',
27 silly addNameRange     '0.6.23',
27 silly addNameRange     '0.7.0',
27 silly addNameRange     '0.7.1',
27 silly addNameRange     '0.7.2',
27 silly addNameRange     '0.7.3',
27 silly addNameRange     '0.7.4',
27 silly addNameRange     '0.7.5',
27 silly addNameRange     '0.7.6',
27 silly addNameRange     '0.7.7',
27 silly addNameRange     '0.7.8',
27 silly addNameRange     '0.7.10',
27 silly addNameRange     '0.9.0',
27 silly addNameRange     '0.9.1',
27 silly addNameRange     '0.9.2',
27 silly addNameRange     '0.9.3',
27 silly addNameRange     '0.9.5',
27 silly addNameRange     '0.9.6',
27 silly addNameRange     '0.9.7',
27 silly addNameRange     '0.9.10',
27 silly addNameRange     '0.9.11',
27 silly addNameRange     '0.9.12',
27 silly addNameRange     '0.9.14',
27 silly addNameRange     '0.9.16',
27 silly addNameRange     '0.9.17',
27 silly addNameRange     '1.0.0',
27 silly addNameRange     '1.0.1',
27 silly addNameRange     '1.0.2',
27 silly addNameRange     '1.0.2-rc',
27 silly addNameRange     '0.6.10-a',
27 silly addNameRange     '1.0.2-rc3',
27 silly addNameRange     '1.0.2-rc4',
27 silly addNameRange     '1.0.3',
27 silly addNameRange     '1.0.4',
27 silly addNameRange     '1.0.5',
27 silly addNameRange     '1.0.6',
27 silly addNameRange     '1.0.7',
27 silly addNameRange     '1.0.8',
27 silly addNameRange     '1.0.9',
27 silly addNameRange     '1.0.10',
27 silly addNameRange     '1.0.11',
27 silly addNameRange     '1.0.12',
27 silly addNameRange     '1.0.13',
27 silly addNameRange     '1.0.14',
27 silly addNameRange     '1.0.15',
27 silly addNameRange     '1.0.16',
27 silly addNameRange     '1.0.17-rc1',
27 silly addNameRange     '1.0.17-rc2',
27 silly addNameRange     '1.0.17',
27 silly addNameRange     '1.0.18',
27 silly addNameRange     '1.0.19',
27 silly addNameRange     '1.0.20',
27 silly addNameRange     '1.1.0-alpha',
27 silly addNameRange     '1.1.0',
27 silly addNameRange     '1.1.1',
27 silly addNameRange     '1.2.0' ] ]
28 verbose addNamed [ 'nodemon', '1.2.0' ]
29 verbose addNamed [ '1.2.0', '1.2.0' ]
30 silly lockFile d073d510-nodemon-1-2-0 nodemon@1.2.0
31 verbose lock nodemon@1.2.0 /root/.npm/d073d510-nodemon-1-2-0.lock
32 verbose read json /root/.npm/nodemon/1.2.0/package/package.json
33 silly lockFile d073d510-nodemon-1-2-0 nodemon@1.2.0
34 silly lockFile 4f5e51c6-nodemon nodemon@
35 silly resolved [ { name: 'nodemon',
35 silly resolved     homepage: 'http://nodemon.io',
35 silly resolved     author: { name: 'Remy Sharp', url: 'http://github.com/remy' },
35 silly resolved     contributors: [ [Object] ],
35 silly resolved     bin: { nodemon: './bin/nodemon.js' },
35 silly resolved     engines: { node: '>=0.8' },
35 silly resolved     repository: { type: 'git', url: 'http://github.com/remy/nodemon.git' },
35 silly resolved     description: 'Simple monitor script for use during development of a node.js app.',
35 silly resolved     keywords:
35 silly resolved      [ 'monitor',
35 silly resolved        'development',
35 silly resolved        'restart',
35 silly resolved        'autoload',
35 silly resolved        'reload',
35 silly resolved        'terminal' ],
35 silly resolved     version: '1.2.0',
35 silly resolved     preferGlobal: 'true',
35 silly resolved     licenses: [ [Object] ],
35 silly resolved     main: './lib/nodemon',
35 silly resolved     scripts:
35 silly resolved      { coverage: 'istanbul cover _mocha -- --timeout 30000 --ui bdd --reporter list test/**/*.test.js',
35 silly resolved        test: 'node_modules/mocha/bin/_mocha --timeout 30000 --ui bdd test/**/*.test.js',
35 silly resolved        web: 'node web' },
35 silly resolved     devDependencies:
35 silly resolved      { connect: '~2.19.1',
35 silly resolved        mocha: '~1.20.0',
35 silly resolved        should: '~4.0.0',
35 silly resolved        istanbul: '~0.2.10',
35 silly resolved        touch: '~0.0.3',
35 silly resolved        'coffee-script': '~1.7.1' },
35 silly resolved     dependencies:
35 silly resolved      { 'update-notifier': '~0.1.8',
35 silly resolved        minimatch: '~0.3.0',
35 silly resolved        'ps-tree': '~0.0.3' },
35 silly resolved     readme: '![nodemon logo](http://nodemon.io/nodemon.png)\n\n# nodemon\n\n[![Flattr this](http://api.flattr.com/button/flattr-badge-large.png)](http://flattr.com/thing/1211372/remynodemon-on-GitHub)\n\nFor use during development of a node.js based application.\n\nnodemon will watch the files in the directory that nodemon was started, and if they change, it will automatically restart your node application.\n\nnodemon does **not** require *any* changes to your code or method of development. nodemon simply wraps your node application and keeps an eye on any files that have changed. Remember that nodemon is a replacement wrapper for `node`, think of it as replacing the word "node" on the command line when you run your script.\n\n[![NPM version](https://badge.fury.io/js/nodemon.svg)](http://badge.fury.io/js/nodemon)\n[![Travis Status](https://travis-ci.org/remy/nodemon.svg)](https://travis-ci.org/remy/nodemon)\n\n# Installation\n\nEither through forking or by using [npm](http://npmjs.org) (the recommended way):\n\n    npm install -g nodemon\n\nAnd nodemon will be installed in to your bin path. Note that as of npm v1, you must explicitly tell npm to install globally as nodemon is a command line utility.\n\n# Usage\n\nnodemon wraps your application, so you can pass all the arguments you would normally pass to your app:\n\n    nodemon [your node app]\n\nFor example, if my application accepted a host and port as the arguments, I would start it as so:\n\n    nodemon ./server.js localhost 8080\n\nAny output from this script is prefixed with `[nodemon]`, otherwise all output from your application, errors included, will be echoed out as expected.\n\nnodemon also supports running and monitoring [coffee-script](http://jashkenas.github.com/coffee-script/) apps:\n\n    nodemon server.coffee\n\nIf no script is given, nodemon will test for a `package.json` file and if found, will run the file associated with the *main* property ([ref](https://github.com/remy/nodemon/issues/14)).\n\nYou can also pass the debug flag to node through the command line as you would normally:\n\n    nodemon --debug ./server.js 80\n\nIf you have a `package.json` file for your app, you can omit the main script entirely and nodemon will read the `package.json` for the `main` property and use that value as the app.\n\nnodemon will also search for the `scripts.start` property in `package.json` (as of nodemon 1.1.x).\n\nAlso check out the [FAQ](https://github.com/remy/nodemon/blob/master/faq.md) or [issues](https://github.com/remy/nodemon/issues) for nodemon.\n\n## Automatic re-running\n\nnodemon was original written to restart hanging processes such as web servers, but now supports apps that cleanly exit. If your script exits cleanly, nodemon will continue to monitor the directory (or directories) and restart the script if there are any changes.\n\n## Manual restarting\n\nWhilst nodemon is running, if you need to manually restart your application, instead of stopping and restart nodemon, you can simply type `rs` with a carriage return, and nodemon will restart your process.\n\n## Config files\n\nnodemon supports local and global configuration files. These are named `nodemon.json` and can be located in the current working directory or in your home directory.\n\nThe specificity is as follows, so that a command line argument will always override the config file settings:\n\n- command line arguments\n- local config\n- global config\n\nA config file can take any of the command line arguments as JSON key values, for example:\n\n    {\n      "verbose": true,\n      "ignore": ["*.test.js", "fixtures/*"],\n      "execMap": {\n        "rb": "ruby",\n        "pde": "processing --sketch={{pwd}} --run"\n      }\n    }\n\nThe above `nodemon.json` file might be my global config so that I have support for ruby files and processing files, and I can simply run `nodemon demo.pde` and nodemon will automatically know how to run the script even though out of the box support for processing scripts.\n\nA further example of options can be seen in [sample-nodemon.md](https://github.com/remy/nodemon/blob/master/doc/sample-nodemon.md)\n\n*This section needs better documentation, but for now you can also see `nodemon --help config` ([also here](https://github.com/remy/nodemon/blob/master/doc/cli/config.txt))*.\n\n## Using nodemon as a module\n\nPlease see [doc/requireable.md](doc/requireable.md)\n\n## Running non-node scripts\n\nnodemon can also be used to execute and monitor other programs. nodemon will read the file extension of the script being run and monitor that extension instead of .js if there\'s no .nodemonignore:\n\n    nodemon --exec "python -v" ./app.py\n\nNow nodemon will run `app.py` with python in verbose mode (note that if you\'re not passing args to the exec program, you don\'t need the quotes), and look for new or modified files with the `.py` extension.\n\n### Default executables\n\nUsing the `nodemon.json` config file, you can define your own default executables using the `execMap` property. This is particularly useful if you\'re working with a language that isn\'t supported by default by nodemon.\n\nTo add support for nodemon to know about the .pl extension (for Perl), the nodemon.json file would add:\n\n    {\n      "execMap": {\n         "pl": "perl"\n      }\n    }\n\nNow running the following, nodemon will know to use `perl` as the executable:\n\n    nodemon script.pl\n\nIt\'s generally recommended to use the global `nodemon.json` to add your own `execMap` options. However, if there\'s a common default that\'s missing, this can be merged in to the project so that nodemon supports it by default, by changing [default.js](https://github.com/remy/nodemon/blob/master/lib/config/defaults.js) and sending a pull request.\n\n## Monitoring multiple directories\n\nBy default nodemon monitors the current working directory. If you want to take control of that option, use the `--watch` option to add specific paths:\n\n    nodemon --watch app --watch libs app/server.js\n\nNow nodemon will only restart if there are changes in the `./app` or `./libs` directory. By default nodemon will traverse sub-directories, so there\'s no need in explicitly including sub-directories.\n\n## Specifying extension watch list\n\nBy default, nodemon looks for files with the `.js`, `.coffee`, and `.litcoffee` extensions. If you use the `--exec` option and monitor `app.py` nodemon will monitor files with the extension of `.py`. However, you can specify your own list with the `-e` (or `--ext`) switch like so:\n\n    nodemon -e js,jade\n\nNow nodemon will restart on any changes to files in the directory (or subdirectories) with the extensions .js, .jade.\n\n## Ignoring files\n\nBy default, nodemon will only restart when a `.js` JavaScript file changes. In some cases you will want to ignore some specific files, directories or file patterns, to prevent nodemon from prematurely restarting your application.\n\nThis can be done via the command line:\n\n    nodemon --ignore lib/ --ignore tests/\n\nOr specific files can be ignored:\n\n    nodemon --ignore lib/app.js\n\nPatterns can also be ignored (but be sure to quote the arguments):\n\n    nodemon --ignore \'lib/*.js\'\n\nNote that by default, nodemon will ignore the `.git`, `node_modules`, `bower_components` and `.sass-cache` directories.\n\n## Delaying restarting\n\nIn some situations, you may want to wait until a number of files have changed. The timeout before checking for new file changes is 1 second. If you\'re uploading a number of files and it\'s taking some number of seconds, this could cause your app to restart multiple times unnecessarily.\n\nTo add an extra throttle, or delay restarting, use the `--delay` command:\n\n    nodemon --delay 10 server.js\n\nFor more precision, milliseconds can be specified.  Either as a float:\n\n    nodemon --delay 2.5 server.js\n\nOr using the time specifier (ms):\n\n    nodemon --delay 2500ms server.js\n\nThe delay figure is number of seconds (or milliseconds, if specified) to delay before restarting. So nodemon will only restart your app the given number of seconds after the *last* file change.\n\n## Controlling shutdown of your script\n\nnodemon sends a kill signal to your application when it sees a file update. If you need to clean up on shutdown inside your script you can capture the kill signal and handle it yourself.\n\nThe following example will listen once for the `SIGUSR2` signal (used by nodemon to restart), run the clean up process and then kill itself for nodemon to continue control:\n\n    process.once(\'SIGUSR2\', function () {\n      gracefulShutdown(function () {\n        process.kill(process.pid, \'SIGUSR2\');\n      });\n    });\n\nNote that the `process.kill` is *only* called once your shutdown jobs are complete. Hat tip to [Benjie Gillam](http://www.benjiegillam.com/2011/08/node-js-clean-restart-and-faster-development-with-nodemon/) for writing this technique up.\n\n## Pipe output to somewhere else\n\n```js\n    nodemon({\n      script: ...,\n      stdout: false // important: this tells nodemon not to output to console\n\n    }).on(\'readable\', function() { // the `readable` event indicates that data is ready to pick up\n      var stdoutWritable = fs.createWriteStream(\'output.txt\');\n      var stderrWritable = fs.createWriteStream(\'err.txt\');\n\n      this.stdout.pipe(stdoutWritable);\n      this.stderr.pipe(stderrWritable);\n\n    })\n```\n\n## Using nodemon in your gulp workflow\n\nCheck out the [gulp-nodemon](https://github.com/JacksonGariety/gulp-nodemon) plugin to integrate nodemon with the rest of your project\'s gulp workflow.\n\n## Using nodemon in your Grunt workflow\n\nCheck out the [grunt-nodemon](https://github.com/ChrisWren/grunt-nodemon) plugin to integrate nodemon with the rest of your project\'s grunt workflow.\n\n# License\n\nMIT [http://rem.mit-license.org](http://rem.mit-license.org)\n',
35 silly resolved     _id: 'nodemon@1.2.0',
35 silly resolved     _from: 'nodemon' } ]
36 info install nodemon@1.2.0 into /opt/node/lib
37 info installOne nodemon@1.2.0
38 verbose from cache /root/.npm/nodemon/1.2.0/package/package.json
39 info /opt/node/lib/node_modules/nodemon unbuild
40 verbose read json /opt/node/lib/node_modules/nodemon/package.json
41 verbose tar unpack /root/.npm/nodemon/1.2.0/package.tgz
42 silly lockFile 0f9cfb37-pt-node-lib-node-modules-nodemon /opt/node/lib/node_modules/nodemon
43 verbose lock /opt/node/lib/node_modules/nodemon /root/.npm/0f9cfb37-pt-node-lib-node-modules-nodemon.lock
44 silly gunzTarPerm modes [ '755', '644' ]
45 silly gunzTarPerm extractEntry package.json
46 silly gunzTarPerm extractEntry .npmignore
47 silly gunzTarPerm extractEntry README.md
48 silly gunzTarPerm extractEntry web/index.js
49 silly gunzTarPerm extractEntry web/index.html
50 silly gunzTarPerm extractEntry .travis.yml
51 silly gunzTarPerm extractEntry doc/cli/logo.txt
52 silly gunzTarPerm extractEntry doc/cli/topics.txt
53 silly gunzTarPerm extractEntry doc/cli/usage.txt
54 silly gunzTarPerm extractEntry doc/cli/config.txt
55 silly gunzTarPerm extractEntry doc/cli/whoami.txt
56 silly gunzTarPerm extractEntry doc/cli/authors.txt
57 silly gunzTarPerm extractEntry doc/cli/help.txt
58 silly gunzTarPerm extractEntry doc/sample-nodemon.md
59 silly gunzTarPerm extractEntry doc/arch.md
60 silly gunzTarPerm extractEntry doc/rules.md
61 silly gunzTarPerm extractEntry doc/requireable.md
62 silly gunzTarPerm extractEntry doc/events.md
63 silly gunzTarPerm extractEntry bin/nodemon.js
64 silly gunzTarPerm extractEntry lib/index.js
65 silly gunzTarPerm extractEntry lib/nodemon.js
66 silly gunzTarPerm extractEntry lib/version.js
67 silly gunzTarPerm extractEntry lib/cli/index.js
68 silly gunzTarPerm extractEntry lib/cli/parse.js
69 silly gunzTarPerm extractEntry lib/help/index.js
70 silly gunzTarPerm extractEntry lib/rules/index.js
71 silly gunzTarPerm extractEntry lib/rules/parse.js
72 silly gunzTarPerm extractEntry lib/rules/add.js
73 silly gunzTarPerm extractEntry lib/utils/index.js
74 silly gunzTarPerm extractEntry lib/utils/merge.js
75 silly gunzTarPerm extractEntry lib/utils/clone.js
76 silly gunzTarPerm extractEntry lib/utils/colour.js
77 silly gunzTarPerm extractEntry lib/utils/log.js
78 silly gunzTarPerm extractEntry lib/utils/bus.js
79 silly gunzTarPerm extractEntry lib/config/index.js
80 silly gunzTarPerm extractEntry lib/config/load.js
81 silly gunzTarPerm extractEntry lib/config/watchable.js
82 silly gunzTarPerm extractEntry lib/config/checkWatchSupport.js
83 silly gunzTarPerm extractEntry lib/config/exec.js
84 silly gunzTarPerm extractEntry lib/config/defaults.js
85 silly gunzTarPerm extractEntry lib/config/command.js
86 silly gunzTarPerm extractEntry lib/monitor/index.js
87 silly gunzTarPerm extractEntry lib/monitor/watch.js
88 silly gunzTarPerm extractEntry lib/monitor/run.js
89 silly gunzTarPerm extractEntry lib/monitor/changed-since.js
90 silly gunzTarPerm extractEntry lib/monitor/match.js
91 silly gunzTarPerm extractEntry faq.md
92 silly gunzTarPerm extractEntry CONTRIBUTING.md
93 silly gunzTarPerm extractEntry .jshintrc
94 verbose read json /opt/node/lib/node_modules/nodemon/package.json
95 silly lockFile 0f9cfb37-pt-node-lib-node-modules-nodemon /opt/node/lib/node_modules/nodemon
96 info preinstall nodemon@1.2.0
97 verbose from cache /opt/node/lib/node_modules/nodemon/package.json
98 verbose readDependencies using package.json deps
99 verbose from cache /opt/node/lib/node_modules/nodemon/package.json
100 verbose readDependencies using package.json deps
101 verbose cache add [ 'update-notifier@~0.1.8', null ]
102 silly cache add name=undefined spec="update-notifier@~0.1.8" args=["update-notifier@~0.1.8",null]
103 verbose parsed url { pathname: 'update-notifier@~0.1.8',
103 verbose parsed url   path: 'update-notifier@~0.1.8',
103 verbose parsed url   href: 'update-notifier@~0.1.8' }
104 silly cache add name="update-notifier" spec="~0.1.8" args=["update-notifier","~0.1.8"]
105 verbose parsed url { pathname: '~0.1.8', path: '~0.1.8', href: '~0.1.8' }
106 verbose addNamed [ 'update-notifier', '~0.1.8' ]
107 verbose addNamed [ null, '>=0.1.8- <0.2.0-' ]
108 silly lockFile 162cceb2-update-notifier-0-1-8 update-notifier@~0.1.8
109 verbose lock update-notifier@~0.1.8 /root/.npm/162cceb2-update-notifier-0-1-8.lock
110 verbose cache add [ 'minimatch@~0.3.0', null ]
111 silly cache add name=undefined spec="minimatch@~0.3.0" args=["minimatch@~0.3.0",null]
112 verbose parsed url { pathname: 'minimatch@~0.3.0',
112 verbose parsed url   path: 'minimatch@~0.3.0',
112 verbose parsed url   href: 'minimatch@~0.3.0' }
113 silly cache add name="minimatch" spec="~0.3.0" args=["minimatch","~0.3.0"]
114 verbose parsed url { pathname: '~0.3.0', path: '~0.3.0', href: '~0.3.0' }
115 verbose addNamed [ 'minimatch', '~0.3.0' ]
116 verbose addNamed [ null, '>=0.3.0- <0.4.0-' ]
117 silly lockFile ccaaa04c-minimatch-0-3-0 minimatch@~0.3.0
118 verbose lock minimatch@~0.3.0 /root/.npm/ccaaa04c-minimatch-0-3-0.lock
119 verbose cache add [ 'ps-tree@~0.0.3', null ]
120 silly cache add name=undefined spec="ps-tree@~0.0.3" args=["ps-tree@~0.0.3",null]
121 verbose parsed url { pathname: 'ps-tree@~0.0.3',
121 verbose parsed url   path: 'ps-tree@~0.0.3',
121 verbose parsed url   href: 'ps-tree@~0.0.3' }
122 silly cache add name="ps-tree" spec="~0.0.3" args=["ps-tree","~0.0.3"]
123 verbose parsed url { pathname: '~0.0.3', path: '~0.0.3', href: '~0.0.3' }
124 verbose addNamed [ 'ps-tree', '~0.0.3' ]
125 verbose addNamed [ null, '>=0.0.3- <0.1.0-' ]
126 silly lockFile b5bd920b-ps-tree-0-0-3 ps-tree@~0.0.3
127 verbose lock ps-tree@~0.0.3 /root/.npm/b5bd920b-ps-tree-0-0-3.lock
128 silly addNameRange { name: 'update-notifier',
128 silly addNameRange   range: '>=0.1.8- <0.2.0-',
128 silly addNameRange   hasData: false }
129 silly addNameRange { name: 'minimatch', range: '>=0.3.0- <0.4.0-', hasData: false }
130 silly addNameRange { name: 'ps-tree', range: '>=0.0.3- <0.1.0-', hasData: false }
131 verbose url raw update-notifier
132 verbose url resolving [ 'https://registry.npmjs.org/', './update-notifier' ]
133 verbose url resolved https://registry.npmjs.org/update-notifier
134 info trying registry request attempt 1 at 21:39:09
135 verbose etag "772AA9H9JXGCAFT3VBUBVZWOR"
136 http GET https://registry.npmjs.org/update-notifier
137 verbose url raw minimatch
138 verbose url resolving [ 'https://registry.npmjs.org/', './minimatch' ]
139 verbose url resolved https://registry.npmjs.org/minimatch
140 info trying registry request attempt 1 at 21:39:09
141 verbose etag "T2D632AF88V60ERSIPWY8ZQD"
142 http GET https://registry.npmjs.org/minimatch
143 verbose url raw ps-tree
144 verbose url resolving [ 'https://registry.npmjs.org/', './ps-tree' ]
145 verbose url resolved https://registry.npmjs.org/ps-tree
146 info trying registry request attempt 1 at 21:39:10
147 verbose etag "9UYPV20T7ZNE8P0SCZ6L7PH1C"
148 http GET https://registry.npmjs.org/ps-tree
149 http 304 https://registry.npmjs.org/minimatch
150 silly registry.get cb [ 304,
150 silly registry.get   { date: 'Wed, 18 Jun 2014 19:39:09 GMT',
150 silly registry.get     server: 'Apache',
150 silly registry.get     via: '1.1 varnish',
150 silly registry.get     'last-modified': 'Wed, 18 Jun 2014 19:37:24 GMT',
150 silly registry.get     'cache-control': 'max-age=30',
150 silly registry.get     etag: '"T2D632AF88V60ERSIPWY8ZQD"',
150 silly registry.get     'x-served-by': 'cache-fra1230-FRA',
150 silly registry.get     'x-cache': 'HIT',
150 silly registry.get     'x-cache-hits': '38',
150 silly registry.get     'x-timer': 'S1403120349.878511,VS0,VE0',
150 silly registry.get     vary: 'Accept',
150 silly registry.get     'content-length': '0',
150 silly registry.get     'keep-alive': 'timeout=10, max=50',
150 silly registry.get     connection: 'Keep-Alive' } ]
151 verbose etag minimatch from cache
152 silly addNameRange number 2 { name: 'minimatch', range: '>=0.3.0- <0.4.0-', hasData: true }
153 silly addNameRange versions [ 'minimatch',
153 silly addNameRange   [ '0.0.1',
153 silly addNameRange     '0.0.2',
153 silly addNameRange     '0.0.4',
153 silly addNameRange     '0.0.5',
153 silly addNameRange     '0.1.1',
153 silly addNameRange     '0.1.2',
153 silly addNameRange     '0.1.3',
153 silly addNameRange     '0.1.4',
153 silly addNameRange     '0.1.5',
153 silly addNameRange     '0.2.0',
153 silly addNameRange     '0.2.2',
153 silly addNameRange     '0.2.3',
153 silly addNameRange     '0.2.4',
153 silly addNameRange     '0.2.5',
153 silly addNameRange     '0.2.6',
153 silly addNameRange     '0.2.7',
153 silly addNameRange     '0.2.8',
153 silly addNameRange     '0.2.9',
153 silly addNameRange     '0.2.10',
153 silly addNameRange     '0.2.11',
153 silly addNameRange     '0.2.12',
153 silly addNameRange     '0.2.13',
153 silly addNameRange     '0.2.14',
153 silly addNameRange     '0.3.0' ] ]
154 verbose addNamed [ 'minimatch', '0.3.0' ]
155 verbose addNamed [ '0.3.0', '0.3.0' ]
156 silly lockFile fbcfe8c1-minimatch-0-3-0 minimatch@0.3.0
157 verbose lock minimatch@0.3.0 /root/.npm/fbcfe8c1-minimatch-0-3-0.lock
158 verbose read json /root/.npm/minimatch/0.3.0/package/package.json
159 silly lockFile fbcfe8c1-minimatch-0-3-0 minimatch@0.3.0
160 silly lockFile ccaaa04c-minimatch-0-3-0 minimatch@~0.3.0
161 http 304 https://registry.npmjs.org/ps-tree
162 silly registry.get cb [ 304,
162 silly registry.get   { date: 'Wed, 18 Jun 2014 19:39:09 GMT',
162 silly registry.get     server: 'Apache',
162 silly registry.get     via: '1.1 varnish',
162 silly registry.get     'last-modified': 'Wed, 18 Jun 2014 19:39:09 GMT',
162 silly registry.get     'cache-control': 'max-age=30',
162 silly registry.get     etag: '"9UYPV20T7ZNE8P0SCZ6L7PH1C"',
162 silly registry.get     'x-served-by': 'cache-fra1224-FRA',
162 silly registry.get     'x-cache': 'MISS',
162 silly registry.get     'x-cache-hits': '0',
162 silly registry.get     'x-timer': 'S1403120349.868570,VS0,VE114',
162 silly registry.get     vary: 'Accept',
162 silly registry.get     'content-length': '0',
162 silly registry.get     'keep-alive': 'timeout=10, max=50',
162 silly registry.get     connection: 'Keep-Alive' } ]
163 verbose etag ps-tree from cache
164 silly addNameRange number 2 { name: 'ps-tree', range: '>=0.0.3- <0.1.0-', hasData: true }
165 silly addNameRange versions [ 'ps-tree', [ '0.0.0', '0.0.1', '0.0.2', '0.0.3' ] ]
166 verbose addNamed [ 'ps-tree', '0.0.3' ]
167 verbose addNamed [ '0.0.3', '0.0.3' ]
168 silly lockFile d4596f2e-ps-tree-0-0-3 ps-tree@0.0.3
169 verbose lock ps-tree@0.0.3 /root/.npm/d4596f2e-ps-tree-0-0-3.lock
170 verbose read json /root/.npm/ps-tree/0.0.3/package/package.json
171 silly lockFile d4596f2e-ps-tree-0-0-3 ps-tree@0.0.3
172 silly lockFile b5bd920b-ps-tree-0-0-3 ps-tree@~0.0.3
173 http 304 https://registry.npmjs.org/update-notifier
174 silly registry.get cb [ 304,
174 silly registry.get   { date: 'Wed, 18 Jun 2014 19:39:09 GMT',
174 silly registry.get     server: 'Apache',
174 silly registry.get     via: '1.1 varnish',
174 silly registry.get     'last-modified': 'Wed, 18 Jun 2014 19:39:10 GMT',
174 silly registry.get     'cache-control': 'max-age=30',
174 silly registry.get     etag: '"772AA9H9JXGCAFT3VBUBVZWOR"',
174 silly registry.get     'x-served-by': 'cache-fra1235-FRA',
174 silly registry.get     'x-cache': 'HIT',
174 silly registry.get     'x-cache-hits': '1',
174 silly registry.get     'x-timer': 'S1403120349.888551,VS0,VE709',
174 silly registry.get     vary: 'Accept',
174 silly registry.get     'content-length': '0',
174 silly registry.get     'keep-alive': 'timeout=10, max=50',
174 silly registry.get     connection: 'Keep-Alive' } ]
175 verbose etag update-notifier from cache
176 silly addNameRange number 2 { name: 'update-notifier',
176 silly addNameRange   range: '>=0.1.8- <0.2.0-',
176 silly addNameRange   hasData: true }
177 silly addNameRange versions [ 'update-notifier',
177 silly addNameRange   [ '0.1.0',
177 silly addNameRange     '0.1.1',
177 silly addNameRange     '0.1.2',
177 silly addNameRange     '0.1.3',
177 silly addNameRange     '0.1.4',
177 silly addNameRange     '0.1.5',
177 silly addNameRange     '0.1.6',
177 silly addNameRange     '0.1.7',
177 silly addNameRange     '0.1.8',
177 silly addNameRange     '0.1.9',
177 silly addNameRange     '0.1.10' ] ]
178 verbose addNamed [ 'update-notifier', '0.1.10' ]
179 verbose addNamed [ '0.1.10', '0.1.10' ]
180 silly lockFile 21a7571c-update-notifier-0-1-10 update-notifier@0.1.10
181 verbose lock update-notifier@0.1.10 /root/.npm/21a7571c-update-notifier-0-1-10.lock
182 verbose read json /root/.npm/update-notifier/0.1.10/package/package.json
183 silly lockFile 21a7571c-update-notifier-0-1-10 update-notifier@0.1.10
184 silly lockFile 162cceb2-update-notifier-0-1-8 update-notifier@~0.1.8
185 silly resolved [ { author:
185 silly resolved      { name: 'Isaac Z. Schlueter',
185 silly resolved        email: 'i@izs.me',
185 silly resolved        url: 'http://blog.izs.me' },
185 silly resolved     name: 'minimatch',
185 silly resolved     description: 'a glob matcher in javascript',
185 silly resolved     version: '0.3.0',
185 silly resolved     repository: { type: 'git', url: 'git://github.com/isaacs/minimatch.git' },
185 silly resolved     main: 'minimatch.js',
185 silly resolved     scripts: { test: 'tap test/*.js' },
185 silly resolved     engines: { node: '*' },
185 silly resolved     dependencies: { 'lru-cache': '2', sigmund: '~1.0.0' },
185 silly resolved     devDependencies: { tap: '' },
185 silly resolved     license:
185 silly resolved      { type: 'MIT',
185 silly resolved        url: 'http://github.com/isaacs/minimatch/raw/master/LICENSE' },
185 silly resolved     readme: '# minimatch\n\nA minimal matching utility.\n\n[![Build Status](https://secure.travis-ci.org/isaacs/minimatch.png)](http://travis-ci.org/isaacs/minimatch)\n\n\nThis is the matching library used internally by npm.\n\nEventually, it will replace the C binding in node-glob.\n\nIt works by converting glob expressions into JavaScript `RegExp`\nobjects.\n\n## Usage\n\n```javascript\nvar minimatch = require("minimatch")\n\nminimatch("bar.foo", "*.foo") // true!\nminimatch("bar.foo", "*.bar") // false!\nminimatch("bar.foo", "*.+(bar|foo)", { debug: true }) // true, and noisy!\n```\n\n## Features\n\nSupports these glob features:\n\n* Brace Expansion\n* Extended glob matching\n* "Globstar" `**` matching\n\nSee:\n\n* `man sh`\n* `man bash`\n* `man 3 fnmatch`\n* `man 5 gitignore`\n\n## Minimatch Class\n\nCreate a minimatch object by instanting the `minimatch.Minimatch` class.\n\n```javascript\nvar Minimatch = require("minimatch").Minimatch\nvar mm = new Minimatch(pattern, options)\n```\n\n### Properties\n\n* `pattern` The original pattern the minimatch object represents.\n* `options` The options supplied to the constructor.\n* `set` A 2-dimensional array of regexp or string expressions.\n  Each row in the\n  array corresponds to a brace-expanded pattern.  Each item in the row\n  corresponds to a single path-part.  For example, the pattern\n  `{a,b/c}/d` would expand to a set of patterns like:\n\n        [ [ a, d ]\n        , [ b, c, d ] ]\n\n    If a portion of the pattern doesn\'t have any "magic" in it\n    (that is, it\'s something like `"foo"` rather than `fo*o?`), then it\n    will be left as a string rather than converted to a regular\n    expression.\n\n* `regexp` Created by the `makeRe` method.  A single regular expression\n  expressing the entire pattern.  This is useful in cases where you wish\n  to use the pattern somewhat like `fnmatch(3)` with `FNM_PATH` enabled.\n* `negate` True if the pattern is negated.\n* `comment` True if the pattern is a comment.\n* `empty` True if the pattern is `""`.\n\n### Methods\n\n* `makeRe` Generate the `regexp` member if necessary, and return it.\n  Will return `false` if the pattern is invalid.\n* `match(fname)` Return true if the filename matches the pattern, or\n  false otherwise.\n* `matchOne(fileArray, patternArray, partial)` Take a `/`-split\n  filename, and match it against a single row in the `regExpSet`.  This\n  method is mainly for internal use, but is exposed so that it can be\n  used by a glob-walker that needs to avoid excessive filesystem calls.\n\nAll other methods are internal, and will be called as necessary.\n\n## Functions\n\nThe top-level exported function has a `cache` property, which is an LRU\ncache set to store 100 items.  So, calling these methods repeatedly\nwith the same pattern and options will use the same Minimatch object,\nsaving the cost of parsing it multiple times.\n\n### minimatch(path, pattern, options)\n\nMain export.  Tests a path against the pattern using the options.\n\n```javascript\nvar isJS = minimatch(file, "*.js", { matchBase: true })\n```\n\n### minimatch.filter(pattern, options)\n\nReturns a function that tests its\nsupplied argument, suitable for use with `Array.filter`.  Example:\n\n```javascript\nvar javascripts = fileList.filter(minimatch.filter("*.js", {matchBase: true}))\n```\n\n### minimatch.match(list, pattern, options)\n\nMatch against the list of\nfiles, in the style of fnmatch or glob.  If nothing is matched, and\noptions.nonull is set, then return a list containing the pattern itself.\n\n```javascript\nvar javascripts = minimatch.match(fileList, "*.js", {matchBase: true}))\n```\n\n### minimatch.makeRe(pattern, options)\n\nMake a regular expression object from the pattern.\n\n## Options\n\nAll options are `false` by default.\n\n### debug\n\nDump a ton of stuff to stderr.\n\n### nobrace\n\nDo not expand `{a,b}` and `{1..3}` brace sets.\n\n### noglobstar\n\nDisable `**` matching against multiple folder names.\n\n### dot\n\nAllow patterns to match filenames starting with a period, even if\nthe pattern does not explicitly have a period in that spot.\n\nNote that by default, `a/**/b` will **not** match `a/.d/b`, unless `dot`\nis set.\n\n### noext\n\nDisable "extglob" style patterns like `+(a|b)`.\n\n### nocase\n\nPerform a case-insensitive match.\n\n### nonull\n\nWhen a match is not found by `minimatch.match`, return a list containing\nthe pattern itself if this option is set.  When not set, an empty list\nis returned if there are no matches.\n\n### matchBase\n\nIf set, then patterns without slashes will be matched\nagainst the basename of the path if it contains slashes.  For example,\n`a?b` would match the path `/xyz/123/acb`, but not `/xyz/acb/123`.\n\n### nocomment\n\nSuppress the behavior of treating `#` at the start of a pattern as a\ncomment.\n\n### nonegate\n\nSuppress the behavior of treating a leading `!` character as negation.\n\n### flipNegate\n\nReturns from negate expressions the same as if they were not negated.\n(Ie, true on a hit, false on a miss.)\n\n\n## Comparisons to other fnmatch/glob implementations\n\nWhile strict compliance with the existing standards is a worthwhile\ngoal, some discrepancies exist between minimatch and other\nimplementations, and are intentional.\n\nIf the pattern starts with a `!` character, then it is negated.  Set the\n`nonegate` flag to suppress this behavior, and treat leading `!`\ncharacters normally.  This is perhaps relevant if you wish to start the\npattern with a negative extglob pattern like `!(a|B)`.  Multiple `!`\ncharacters at the start of a pattern will negate the pattern multiple\ntimes.\n\nIf a pattern starts with `#`, then it is treated as a comment, and\nwill not match anything.  Use `\\#` to match a literal `#` at the\nstart of a line, or set the `nocomment` flag to suppress this behavior.\n\nThe double-star character `**` is supported by default, unless the\n`noglobstar` flag is set.  This is supported in the manner of bsdglob\nand bash 4.1, where `**` only has special significance if it is the only\nthing in a path part.  That is, `a/**/b` will match `a/x/y/b`, but\n`a/**b` will not.\n\nIf an escaped pattern has no matches, and the `nonull` flag is set,\nthen minimatch.match returns the pattern as-provided, rather than\ninterpreting the character escapes.  For example,\n`minimatch.match([], "\\\\*a\\\\?")` will return `"\\\\*a\\\\?"` rather than\n`"*a?"`.  This is akin to setting the `nullglob` option in bash, except\nthat it does not resolve escaped pattern characters.\n\nIf brace expansion is not disabled, then it is performed before any\nother interpretation of the glob pattern.  Thus, a pattern like\n`+(a|{b),c)}`, which would not be valid in bash or zsh, is expanded\n**first** into the set of `+(a|b)` and `+(a|c)`, and those patterns are\nchecked for validity.  Since those two are valid, matching proceeds.\n',
185 silly resolved     _id: 'minimatch@0.3.0',
185 silly resolved     _from: 'minimatch@~0.3.0' },
185 silly resolved   { name: 'ps-tree',
185 silly resolved     version: '0.0.3',
185 silly resolved     description: 'get all children of a pid',
185 silly resolved     homepage: 'http://github.com/indexzero/ps-tree',
185 silly resolved     repository: { type: 'git', url: 'https://github.com/indexzero/ps-tree.git' },
185 silly resolved     dependencies: { 'event-stream': '~0.5' },
185 silly resolved     author: { name: 'Charlie Robbins' },
185 silly resolved     readme: '#ps-tree\n\nsometimes you cannot kill child processes like you would expect,  \nthis a feature of UNIX.\n\n>in UNIX,  a process may terminate by using the exit call, and it\'s parent process may wait for that event by using the wait system call. the wait system call returns the process identifier of a terminated child, so that the parent tell which of the possibly many children has terminated. If the parent terminates, however, all it\'s children have assigned as their new parent the init process. Thus, the children still have a parent to collect their status and execution statistics.  \n> (from "operating system concepts")\n\nsolution: use `ps-tree` to get all processes that a child_process may have started, so that they may all be terminated.\n\n``` js\n  var cp = require(\'child_process\'),\n      psTree = require(\'ps-tree\')\n    \n  var child = cp.exec("node -e \'while (true);\'",function () {...})\n\n  child.kill() //this will not actually kill the child it will kill the `sh` process.\n\n```\n\nwtf? it\'s because exec actually works like this:\n\n``` js\nfunction exec (cmd, cb) {\n  spawn(\'sh\', [\'-c\', cmd])\n  ...\n}\n\n```\n\nsh starts parses the command string and starts processes, and waits for them to terminate.  \nbut exec returns a process object with the pid of the sh process.  \nbut since it is in `wait` mode killing it does not kill the children.\n\nused ps tree like this:\n\n``` js\n\n  var cp = require(\'child_process\'),\n      psTree = require(\'ps-tree\')\n    \n  var child = cp.exec("node -e \'while (true);\'",function () {...})\n\n  psTree(child.pid, function (err, children) {\n    cp.spawn(\'kill\', [\'-9\'].concat(children.map(function (p) {return p.PID})))\n  })\n\n```',
185 silly resolved     _id: 'ps-tree@0.0.3',
185 silly resolved     _from: 'ps-tree@~0.0.3' },
185 silly resolved   { name: 'update-notifier',
185 silly resolved     version: '0.1.10',
185 silly resolved     description: 'Update notifier for your package',
185 silly resolved     keywords: [ 'npm', 'update', 'notify', 'notifier', 'check', 'checker' ],
185 silly resolved     author:
185 silly resolved      { name: 'Sindre Sorhus',
185 silly resolved        email: 'sindresorhus@gmail.com',
185 silly resolved        url: 'http://sindresorhus.com' },
185 silly resolved     main: 'lib/update-notifier.js',
185 silly resolved     repository:
185 silly resolved      { type: 'git',
185 silly resolved        url: 'git://github.com/yeoman/update-notifier.git' },
185 silly resolved     scripts: { test: 'mocha --timeout 20000' },
185 silly resolved     dependencies:
185 silly resolved      { chalk: '^0.4.0',
185 silly resolved        configstore: '^0.3.0',
185 silly resolved        request: '^2.36.0',
185 silly resolved        semver: '^2.3.0' },
185 silly resolved     devDependencies: { mocha: '*' },
185 silly resolved     engines: { node: '>=0.10.0' },
185 silly resolved     licenses: [ [Object] ],
185 silly resolved     readme: '# update-notifier [![Build Status](https://secure.travis-ci.org/yeoman/update-notifier.svg?branch=master)](http://travis-ci.org/yeoman/update-notifier)\n\n##### Update notifier for your Node.js NPM package\n\n![screenshot](https://raw.github.com/yeoman/update-notifier/master/screenshot.png)\n\nInform your package users of updates in a non-intrusive way. Mainly targets global CLI apps.\n\nWhenever you initiate the update notifier and it\'s not within the interval threshold, it will asynchronously check with NPM in the background for available updates, then persist the result. The next time the notifier is initiated the result will be loaded into the `.update` property. This prevents any impact on your package startup performance.\nThe check process is done with [fork](http://nodejs.org/api/child_process.html#child_process_child_fork). This means that if you call `process.exit`, the check will still be performed in its own process.\n\n#### Table of Contents\n\n* [Examples](#examples)\n* [Docs](#documentation)\n* [Settings](#settings)\n\n## About\n\nThe idea for this module came from the desire to apply the browser update strategy to CLI tools, where everyone is always on the latest version. We first tried automatic updating, which we discovered wasn\'t popular. This is the second iteration of that idea, but limited to just update notifications.\n\nThere are a few projects using it:\n\n- [Yeoman](http://yeoman.io) - modern workflows for modern webapps\n\n- [Bower](http://bower.io) - a package manager for the web\n\n- [Roots](http://roots.cx) - a toolkit for advanced front-end development\n\n- [Automaton](https://github.com/IndigoUnited/automaton) - task automation tool\n\n- [Spoon.js CLI](https://npmjs.org/package/spoonjs)\n\n- [Node GH](http://nodegh.io) - GitHub command line tool\n\n- [Hoodie CLI](http://hood.ie) - Hoodie command line tool\n\n- [pullr](https://github.com/mojotech/pullr) - GitHub pull requests from the command line\n\n## Examples\n\n### Example usage\n\n```js\nvar updateNotifier = require(\'update-notifier\');\n\n// Checks for available update and returns an instance\nvar notifier = updateNotifier();\n\nif (notifier.update) {\n\t// Notify using the built-in convenience method\n\tnotifier.notify();\n}\n\n// `notifier.update` contains some useful info about the update\nconsole.log(notifier.update);\n/*\n{\n\tlatest: \'0.9.5\',\n\tcurrent: \'0.9.3\',\n\ttype: \'patch\', // possible values: latest, major, minor, patch\n\tdate: \'2012-11-05T14:32:37.603Z\',\n\tname: \'yeoman\'\n}\n*/\n```\n\n### Example with settings and custom message\n\n```js\nvar notifier = updateNotifier({\n\tupdateCheckInterval: 1000 * 60 * 60 * 24 * 7 // 1 week\n});\n\nif (notifier.update) {\n\tnotifier.notify(\'Update available: \' + notifier.update.latest);\n}\n```\n\n\n## Documentation\n\n\n### updateNotifier([settings])\n\nChecks if there is an available update. Accepts settings defined below. Returns an object with update info if there is an available update, otherwise `undefined`.\n\n### updateNotifier.notify([message || defer])\n\nA convenience method that will inform the user about an available update (see screenshot). By default it will display the message right away. However, if you supply a custom message or `true` it will be displayed right before the process exits.\n\n\n### Settings\n\n\n#### callback\n\nType: `function`  \nDefault: `null`\n\nIf provided, a callback function will be called,\npassed `(error[, update])`\n\n`update` is equal to `notifier.update`\n\n\n#### packagePath\n\nType: `string`  \nDefault: `\'package.json\'`\n\nRelative path to your module `package.json`.\n\n\n#### packageName\n\nType: `string`  \nDefault: Inferred from `packageFile`\n\nUsed instead of inferring it from `packageFile`.  \nRequires you to also specify `packageVersion`.\n\n\n#### packageVersion\n\nType: `string`  \nDefault: Inferred from `packageFile`\n\nUsed instead of inferring it from `packageFile`.  \nRequires you to also specify `packageName`.\n\n\n#### updateCheckInterval\n\nType: `number`  \nDefault: `1000 * 60 * 60 * 24` (1 day)\n\nHow often it should check for updates.\n\n\n#### updateCheckTimeout\n\nType: `number`  \nDefault: `20000` (20 secs)\n\nHow long the update can take.  \nIf it takes longer than the timeout, it will be aborted.\n\n#### registryUrl\n\nType: `string`  \nDefault: `\'http://registry.npmjs.org/%s\'`\n\nAlternative registry mirrors:\n\n- `http://85.10.209.91/%s`\n- `http://165.225.128.50:8000/%s`\n\n\n### Proxy settings\n\nIf you are behind a proxy server the `process.env` property is used to take the proxy server value from `HTTP_PROXY` or `HTTPS_PROXY` in order to make the call to the server. This means that you need to [set](https://github.com/sindresorhus/guides/blob/master/set-environment-variables.md) those properties as environment variables.\n\n\n### User settings\n\nUsers of your module have the ability to opt-out of the update notifier by changing the `optOut` property to `true` in `~/.config/configstore/update-notifier-[your-module-name].yml`. The path is available in `notifier.config.path`.\n\nYou could also let the user opt-out on a per run basis:\n\n```js\nif (process.argv.indexOf(\'--no-update-notifier\') === -1) {\n\t// run updateNotifier()\n}\n```\n\n\n## License\n\n[BSD license](http://opensource.org/licenses/bsd-license.php) and copyright Google\n',
185 silly resolved     _id: 'update-notifier@0.1.10',
185 silly resolved     _from: 'update-notifier@~0.1.8' } ]
186 info install minimatch@0.3.0 into /opt/node/lib/node_modules/nodemon
187 info install ps-tree@0.0.3 into /opt/node/lib/node_modules/nodemon
188 info install update-notifier@0.1.10 into /opt/node/lib/node_modules/nodemon
189 info installOne minimatch@0.3.0
190 info installOne ps-tree@0.0.3
191 info installOne update-notifier@0.1.10
192 warn engine update-notifier@0.1.10: wanted: {"node":">=0.10.0"} (current: {"node":"v0.8.12","npm":"1.1.63"})
193 verbose from cache /root/.npm/minimatch/0.3.0/package/package.json
194 verbose from cache /root/.npm/ps-tree/0.0.3/package/package.json
195 verbose from cache /root/.npm/update-notifier/0.1.10/package/package.json
196 info /opt/node/lib/node_modules/nodemon/node_modules/minimatch unbuild
197 verbose read json /opt/node/lib/node_modules/nodemon/node_modules/minimatch/package.json
198 info /opt/node/lib/node_modules/nodemon/node_modules/ps-tree unbuild
199 verbose read json /opt/node/lib/node_modules/nodemon/node_modules/ps-tree/package.json
200 info /opt/node/lib/node_modules/nodemon/node_modules/update-notifier unbuild
201 verbose read json /opt/node/lib/node_modules/nodemon/node_modules/update-notifier/package.json
202 verbose tar unpack /root/.npm/minimatch/0.3.0/package.tgz
203 verbose tar unpack /root/.npm/ps-tree/0.0.3/package.tgz
204 verbose tar unpack /root/.npm/update-notifier/0.1.10/package.tgz
205 silly lockFile 462211c0-s-nodemon-node-modules-minimatch /opt/node/lib/node_modules/nodemon/node_modules/minimatch
206 verbose lock /opt/node/lib/node_modules/nodemon/node_modules/minimatch /root/.npm/462211c0-s-nodemon-node-modules-minimatch.lock
207 silly lockFile 49dafa20-les-nodemon-node-modules-ps-tree /opt/node/lib/node_modules/nodemon/node_modules/ps-tree
208 verbose lock /opt/node/lib/node_modules/nodemon/node_modules/ps-tree /root/.npm/49dafa20-les-nodemon-node-modules-ps-tree.lock
209 silly lockFile ef9ec16b-mon-node-modules-update-notifier /opt/node/lib/node_modules/nodemon/node_modules/update-notifier
210 verbose lock /opt/node/lib/node_modules/nodemon/node_modules/update-notifier /root/.npm/ef9ec16b-mon-node-modules-update-notifier.lock
211 silly gunzTarPerm modes [ '755', '644' ]
212 silly gunzTarPerm modes [ '755', '644' ]
213 silly gunzTarPerm modes [ '755', '644' ]
214 silly gunzTarPerm extractEntry package.json
215 silly gunzTarPerm extractEntry package.json
216 silly gunzTarPerm extractEntry package.json
217 silly gunzTarPerm extractEntry .npmignore
218 silly gunzTarPerm extractEntry README.md
219 silly gunzTarPerm extractEntry .npmignore
220 silly gunzTarPerm extractEntry index.js
221 silly gunzTarPerm extractEntry lib/check.js
222 silly gunzTarPerm extractEntry lib/update-notifier.js
223 silly gunzTarPerm extractEntry LICENSE
224 silly gunzTarPerm extractEntry minimatch.js
225 silly gunzTarPerm extractEntry readme.markdown
226 silly gunzTarPerm extractEntry readme.md
227 silly gunzTarPerm extractEntry contributing.md
228 silly gunzTarPerm extractEntry test/brace-expand.js
229 silly gunzTarPerm extractEntry test/basic.js
230 silly gunzTarPerm extractEntry test/extglob-ending-with-state-char.js
231 silly gunzTarPerm extractEntry test/defaults.js
232 silly gunzTarPerm extractEntry test/caching.js
233 verbose read json /opt/node/lib/node_modules/nodemon/node_modules/ps-tree/package.json
234 silly lockFile 49dafa20-les-nodemon-node-modules-ps-tree /opt/node/lib/node_modules/nodemon/node_modules/ps-tree
235 info preinstall ps-tree@0.0.3
236 verbose from cache /opt/node/lib/node_modules/nodemon/node_modules/ps-tree/package.json
237 verbose read json /opt/node/lib/node_modules/nodemon/node_modules/update-notifier/package.json
238 silly lockFile ef9ec16b-mon-node-modules-update-notifier /opt/node/lib/node_modules/nodemon/node_modules/update-notifier
239 info preinstall update-notifier@0.1.10
240 verbose from cache /opt/node/lib/node_modules/nodemon/node_modules/update-notifier/package.json
241 verbose read json /opt/node/lib/node_modules/nodemon/node_modules/minimatch/package.json
242 silly lockFile 462211c0-s-nodemon-node-modules-minimatch /opt/node/lib/node_modules/nodemon/node_modules/minimatch
243 info preinstall minimatch@0.3.0
244 verbose from cache /opt/node/lib/node_modules/nodemon/node_modules/minimatch/package.json
245 verbose readDependencies using package.json deps
246 verbose from cache /opt/node/lib/node_modules/nodemon/node_modules/ps-tree/package.json
247 verbose readDependencies using package.json deps
248 verbose from cache /opt/node/lib/node_modules/nodemon/node_modules/update-notifier/package.json
249 verbose readDependencies using package.json deps
250 verbose from cache /opt/node/lib/node_modules/nodemon/node_modules/minimatch/package.json
251 verbose readDependencies using package.json deps
252 verbose readDependencies using package.json deps
253 verbose readDependencies using package.json deps
254 verbose cache add [ 'event-stream@~0.5', null ]
255 silly cache add name=undefined spec="event-stream@~0.5" args=["event-stream@~0.5",null]
256 verbose parsed url { pathname: 'event-stream@~0.5',
256 verbose parsed url   path: 'event-stream@~0.5',
256 verbose parsed url   href: 'event-stream@~0.5' }
257 silly cache add name="event-stream" spec="~0.5" args=["event-stream","~0.5"]
258 verbose parsed url { pathname: '~0.5', path: '~0.5', href: '~0.5' }
259 verbose addNamed [ 'event-stream', '~0.5' ]
260 verbose addNamed [ null, '>=0.5.0- <0.6.0-' ]
261 silly lockFile e4abd6f5-event-stream-0-5 event-stream@~0.5
262 verbose lock event-stream@~0.5 /root/.npm/e4abd6f5-event-stream-0-5.lock
263 verbose cache add [ 'chalk@^0.4.0', null ]
264 silly cache add name=undefined spec="chalk@^0.4.0" args=["chalk@^0.4.0",null]
265 verbose parsed url { pathname: 'chalk@^0.4.0',
265 verbose parsed url   path: 'chalk@^0.4.0',
265 verbose parsed url   href: 'chalk@^0.4.0' }
266 silly cache add name="chalk" spec="^0.4.0" args=["chalk","^0.4.0"]
267 verbose parsed url { pathname: '^0.4.0', path: '^0.4.0', href: '^0.4.0' }
268 verbose addNamed [ 'chalk', '^0.4.0' ]
269 verbose addNamed [ null, null ]
270 silly lockFile b2f4396d-chalk-0-4-0 chalk@^0.4.0
271 verbose lock chalk@^0.4.0 /root/.npm/b2f4396d-chalk-0-4-0.lock
272 verbose cache add [ 'configstore@^0.3.0', null ]
273 silly cache add name=undefined spec="configstore@^0.3.0" args=["configstore@^0.3.0",null]
274 verbose parsed url { pathname: 'configstore@^0.3.0',
274 verbose parsed url   path: 'configstore@^0.3.0',
274 verbose parsed url   href: 'configstore@^0.3.0' }
275 silly cache add name="configstore" spec="^0.3.0" args=["configstore","^0.3.0"]
276 verbose parsed url { pathname: '^0.3.0', path: '^0.3.0', href: '^0.3.0' }
277 verbose addNamed [ 'configstore', '^0.3.0' ]
278 verbose addNamed [ null, null ]
279 silly lockFile 5d6e0360-configstore-0-3-0 configstore@^0.3.0
280 verbose lock configstore@^0.3.0 /root/.npm/5d6e0360-configstore-0-3-0.lock
281 verbose cache add [ 'lru-cache@2', null ]
282 silly cache add name=undefined spec="lru-cache@2" args=["lru-cache@2",null]
283 verbose parsed url { pathname: 'lru-cache@2',
283 verbose parsed url   path: 'lru-cache@2',
283 verbose parsed url   href: 'lru-cache@2' }
284 silly cache add name="lru-cache" spec="2" args=["lru-cache","2"]
285 verbose parsed url { pathname: '2', path: '2', href: '2' }
286 verbose addNamed [ 'lru-cache', '2' ]
287 verbose addNamed [ null, '>=2.0.0- <3.0.0-' ]
288 silly lockFile b4f9d1ff-lru-cache-2 lru-cache@2
289 verbose lock lru-cache@2 /root/.npm/b4f9d1ff-lru-cache-2.lock
290 verbose cache add [ 'sigmund@~1.0.0', null ]
291 silly cache add name=undefined spec="sigmund@~1.0.0" args=["sigmund@~1.0.0",null]
292 verbose parsed url { pathname: 'sigmund@~1.0.0',
292 verbose parsed url   path: 'sigmund@~1.0.0',
292 verbose parsed url   href: 'sigmund@~1.0.0' }
293 silly cache add name="sigmund" spec="~1.0.0" args=["sigmund","~1.0.0"]
294 verbose parsed url { pathname: '~1.0.0', path: '~1.0.0', href: '~1.0.0' }
295 verbose addNamed [ 'sigmund', '~1.0.0' ]
296 verbose addNamed [ null, '>=1.0.0- <1.1.0-' ]
297 silly lockFile 584a4a05-sigmund-1-0-0 sigmund@~1.0.0
298 verbose lock sigmund@~1.0.0 /root/.npm/584a4a05-sigmund-1-0-0.lock
299 verbose cache add [ 'request@^2.36.0', null ]
300 silly cache add name=undefined spec="request@^2.36.0" args=["request@^2.36.0",null]
301 verbose parsed url { pathname: 'request@^2.36.0',
301 verbose parsed url   path: 'request@^2.36.0',
301 verbose parsed url   href: 'request@^2.36.0' }
302 silly cache add name="request" spec="^2.36.0" args=["request","^2.36.0"]
303 verbose parsed url { pathname: '^2.36.0', path: '^2.36.0', href: '^2.36.0' }
304 verbose addNamed [ 'request', '^2.36.0' ]
305 verbose addNamed [ null, null ]
306 silly lockFile b70a8d49-request-2-36-0 request@^2.36.0
307 verbose lock request@^2.36.0 /root/.npm/b70a8d49-request-2-36-0.lock
308 verbose cache add [ 'semver@^2.3.0', null ]
309 silly cache add name=undefined spec="semver@^2.3.0" args=["semver@^2.3.0",null]
310 verbose parsed url { pathname: 'semver@^2.3.0',
310 verbose parsed url   path: 'semver@^2.3.0',
310 verbose parsed url   href: 'semver@^2.3.0' }
311 silly cache add name="semver" spec="^2.3.0" args=["semver","^2.3.0"]
312 verbose parsed url { pathname: '^2.3.0', path: '^2.3.0', href: '^2.3.0' }
313 verbose addNamed [ 'semver', '^2.3.0' ]
314 verbose addNamed [ null, null ]
315 silly lockFile 85d2d02f-semver-2-3-0 semver@^2.3.0
316 verbose lock semver@^2.3.0 /root/.npm/85d2d02f-semver-2-3-0.lock
317 silly addNameRange { name: 'event-stream',
317 silly addNameRange   range: '>=0.5.0- <0.6.0-',
317 silly addNameRange   hasData: false }
318 info addNameTag [ 'chalk', '^0.4.0' ]
319 info addNameTag [ 'configstore', '^0.3.0' ]
320 silly addNameRange { name: 'lru-cache', range: '>=2.0.0- <3.0.0-', hasData: false }
321 silly addNameRange { name: 'sigmund', range: '>=1.0.0- <1.1.0-', hasData: false }
322 info addNameTag [ 'request', '^2.36.0' ]
323 info addNameTag [ 'semver', '^2.3.0' ]
324 verbose url raw event-stream
325 verbose url resolving [ 'https://registry.npmjs.org/', './event-stream' ]
326 verbose url resolved https://registry.npmjs.org/event-stream
327 info trying registry request attempt 1 at 21:39:13
328 verbose etag "1YQCZ5TR5VPQ3YPXEFPFVL9KV"
329 http GET https://registry.npmjs.org/event-stream
330 verbose url raw chalk
331 verbose url resolving [ 'https://registry.npmjs.org/', './chalk' ]
332 verbose url resolved https://registry.npmjs.org/chalk
333 info trying registry request attempt 1 at 21:39:13
334 verbose etag "9Q8BQPJ0UTH3JF5RDUAJW0NJK"
335 http GET https://registry.npmjs.org/chalk
336 verbose url raw configstore
337 verbose url resolving [ 'https://registry.npmjs.org/', './configstore' ]
338 verbose url resolved https://registry.npmjs.org/configstore
339 info trying registry request attempt 1 at 21:39:13
340 verbose etag "7J5Q7XMBIRVKVUHXVHARFF6J1"
341 http GET https://registry.npmjs.org/configstore
342 verbose url raw lru-cache
343 verbose url resolving [ 'https://registry.npmjs.org/', './lru-cache' ]
344 verbose url resolved https://registry.npmjs.org/lru-cache
345 info trying registry request attempt 1 at 21:39:13
346 verbose etag "6EAH4E2XKATH9G2WW7G1L4L00"
347 http GET https://registry.npmjs.org/lru-cache
348 verbose url raw sigmund
349 verbose url resolving [ 'https://registry.npmjs.org/', './sigmund' ]
350 verbose url resolved https://registry.npmjs.org/sigmund
351 info trying registry request attempt 1 at 21:39:13
352 verbose etag "83Z00BYZMZK19U869TTWSB9J1"
353 http GET https://registry.npmjs.org/sigmund
354 verbose url raw request
355 verbose url resolving [ 'https://registry.npmjs.org/', './request' ]
356 verbose url resolved https://registry.npmjs.org/request
357 info trying registry request attempt 1 at 21:39:13
358 verbose etag "1IECX21XLZDGVXW8LDF6L6KQ2"
359 http GET https://registry.npmjs.org/request
360 verbose url raw semver
361 verbose url resolving [ 'https://registry.npmjs.org/', './semver' ]
362 verbose url resolved https://registry.npmjs.org/semver
363 info trying registry request attempt 1 at 21:39:13
364 verbose etag "9BB9IFQIXLLPQ9NWWG9M1X5NW"
365 http GET https://registry.npmjs.org/semver
366 http 304 https://registry.npmjs.org/chalk
367 silly registry.get cb [ 304,
367 silly registry.get   { date: 'Wed, 18 Jun 2014 19:39:13 GMT',
367 silly registry.get     server: 'Apache',
367 silly registry.get     via: '1.1 varnish',
367 silly registry.get     'last-modified': 'Wed, 18 Jun 2014 19:39:13 GMT',
367 silly registry.get     'cache-control': 'max-age=30',
367 silly registry.get     etag: '"9Q8BQPJ0UTH3JF5RDUAJW0NJK"',
367 silly registry.get     'x-served-by': 'cache-fra1227-FRA',
367 silly registry.get     'x-cache': 'HIT',
367 silly registry.get     'x-cache-hits': '1',
367 silly registry.get     'x-timer': 'S1403120353.545773,VS0,VE0',
367 silly registry.get     vary: 'Accept',
367 silly registry.get     'content-length': '0',
367 silly registry.get     'keep-alive': 'timeout=10, max=50',
367 silly registry.get     connection: 'Keep-Alive' } ]
368 verbose etag chalk from cache
369 http 304 https://registry.npmjs.org/sigmund
370 silly registry.get cb [ 304,
370 silly registry.get   { date: 'Wed, 18 Jun 2014 19:39:13 GMT',
370 silly registry.get     server: 'Apache',
370 silly registry.get     via: '1.1 varnish',
370 silly registry.get     'last-modified': 'Wed, 18 Jun 2014 19:39:13 GMT',
370 silly registry.get     'cache-control': 'max-age=30',
370 silly registry.get     etag: '"83Z00BYZMZK19U869TTWSB9J1"',
370 silly registry.get     'x-served-by': 'cache-fra1230-FRA',
370 silly registry.get     'x-cache': 'HIT',
370 silly registry.get     'x-cache-hits': '1',
370 silly registry.get     'x-timer': 'S1403120353.531158,VS0,VE0',
370 silly registry.get     vary: 'Accept',
370 silly registry.get     'content-length': '0',
370 silly registry.get     'keep-alive': 'timeout=10, max=50',
370 silly registry.get     connection: 'Keep-Alive' } ]
371 verbose etag sigmund from cache
372 http 304 https://registry.npmjs.org/event-stream
373 silly registry.get cb [ 304,
373 silly registry.get   { date: 'Wed, 18 Jun 2014 19:39:13 GMT',
373 silly registry.get     server: 'Apache',
373 silly registry.get     via: '1.1 varnish',
373 silly registry.get     'last-modified': 'Wed, 18 Jun 2014 19:39:13 GMT',
373 silly registry.get     'cache-control': 'max-age=30',
373 silly registry.get     etag: '"1YQCZ5TR5VPQ3YPXEFPFVL9KV"',
373 silly registry.get     'x-served-by': 'cache-fra1232-FRA',
373 silly registry.get     'x-cache': 'HIT',
373 silly registry.get     'x-cache-hits': '1',
373 silly registry.get     'x-timer': 'S1403120353.522164,VS0,VE0',
373 silly registry.get     vary: 'Accept',
373 silly registry.get     'content-length': '0',
373 silly registry.get     'keep-alive': 'timeout=10, max=50',
373 silly registry.get     connection: 'Keep-Alive' } ]
374 verbose etag event-stream from cache
375 http 304 https://registry.npmjs.org/lru-cache
376 silly registry.get cb [ 304,
376 silly registry.get   { date: 'Wed, 18 Jun 2014 19:39:13 GMT',
376 silly registry.get     server: 'Apache',
376 silly registry.get     via: '1.1 varnish',
376 silly registry.get     'last-modified': 'Wed, 18 Jun 2014 19:34:36 GMT',
376 silly registry.get     'cache-control': 'max-age=30',
376 silly registry.get     etag: '"6EAH4E2XKATH9G2WW7G1L4L00"',
376 silly registry.get     'x-served-by': 'cache-fra1232-FRA',
376 silly registry.get     'x-cache': 'HIT',
376 silly registry.get     'x-cache-hits': '84',
376 silly registry.get     'x-timer': 'S1403120353.664422,VS0,VE0',
376 silly registry.get     vary: 'Accept',
376 silly registry.get     'content-length': '0',
376 silly registry.get     'keep-alive': 'timeout=10, max=50',
376 silly registry.get     connection: 'Keep-Alive' } ]
377 verbose etag lru-cache from cache
378 silly addNameRange number 2 { name: 'sigmund', range: '>=1.0.0- <1.1.0-', hasData: true }
379 silly addNameRange versions [ 'sigmund', [ '1.0.0' ] ]
380 verbose addNamed [ 'sigmund', '1.0.0' ]
381 verbose addNamed [ '1.0.0', '1.0.0' ]
382 silly lockFile 7b2d1244-sigmund-1-0-0 sigmund@1.0.0
383 verbose lock sigmund@1.0.0 /root/.npm/7b2d1244-sigmund-1-0-0.lock
384 silly lockFile b2f4396d-chalk-0-4-0 chalk@^0.4.0
385 silly addNameRange number 2 { name: 'event-stream',
385 silly addNameRange   range: '>=0.5.0- <0.6.0-',
385 silly addNameRange   hasData: true }
386 silly addNameRange versions [ 'event-stream',
386 silly addNameRange   [ '0.1.0',
386 silly addNameRange     '0.2.0',
386 silly addNameRange     '0.2.1',
386 silly addNameRange     '0.3.0',
386 silly addNameRange     '0.4.0',
386 silly addNameRange     '0.5.0',
386 silly addNameRange     '0.5.1',
386 silly addNameRange     '0.5.2',
386 silly addNameRange     '0.5.3',
386 silly addNameRange     '0.6.0',
386 silly addNameRange     '0.7.0',
386 silly addNameRange     '0.8.0',
386 silly addNameRange     '0.8.1',
386 silly addNameRange     '0.8.2',
386 silly addNameRange     '0.9.0',
386 silly addNameRange     '0.9.1',
386 silly addNameRange     '0.9.2',
386 silly addNameRange     '0.9.3',
386 silly addNameRange     '0.9.4',
386 silly addNameRange     '0.9.6',
386 silly addNameRange     '0.9.7',
386 silly addNameRange     '0.9.8',
386 silly addNameRange     '0.10.0',
386 silly addNameRange     '1.0.0',
386 silly addNameRange     '1.1.0',
386 silly addNameRange     '1.2.0',
386 silly addNameRange     '1.3.0',
386 silly addNameRange     '1.3.1',
386 silly addNameRange     '2.0.0',
386 silly addNameRange     '2.0.1',
386 silly addNameRange     '2.0.2',
386 silly addNameRange     '2.0.3',
386 silly addNameRange     '2.0.4',
386 silly addNameRange     '2.0.9',
386 silly addNameRange     '2.0.10',
386 silly addNameRange     '2.1.0',
386 silly addNameRange     '2.1.2',
386 silly addNameRange     '2.1.3',
386 silly addNameRange     '2.1.4',
386 silly addNameRange     '2.1.5',
386 silly addNameRange     '2.1.7',
386 silly addNameRange     '2.1.8',
386 silly addNameRange     '2.1.9',
386 silly addNameRange     '2.2.0',
386 silly addNameRange     '2.2.1',
386 silly addNameRange     '2.2.2',
386 silly addNameRange     '2.2.3',
386 silly addNameRange     '3.0.0',
386 silly addNameRange     '3.0.1',
386 silly addNameRange     '3.0.2',
386 silly addNameRange     '3.0.3',
386 silly addNameRange     '3.0.4',
386 silly addNameRange     '3.0.5',
386 silly addNameRange     '3.0.6',
386 silly addNameRange     '3.0.7',
386 silly addNameRange     '3.0.8',
386 silly addNameRange     '3.0.9',
386 silly addNameRange     '3.0.10',
386 silly addNameRange     '3.0.11',
386 silly addNameRange     '3.0.12',
386 silly addNameRange     '3.0.13',
386 silly addNameRange     '3.0.14',
386 silly addNameRange     '3.0.15',
386 silly addNameRange     '3.0.16',
386 silly addNameRange     '3.0.17',
386 silly addNameRange     '3.0.18',
386 silly addNameRange     '3.0.20',
386 silly addNameRange     '3.1.0',
386 silly addNameRange     '3.1.1',
386 silly addNameRange     '3.1.2',
386 silly addNameRange     '3.1.4',
386 silly addNameRange     '3.1.5' ] ]
387 verbose addNamed [ 'event-stream', '0.5.3' ]
388 verbose addNamed [ '0.5.3', '0.5.3' ]
389 silly lockFile 64ac5a06-event-stream-0-5-3 event-stream@0.5.3
390 verbose lock event-stream@0.5.3 /root/.npm/64ac5a06-event-stream-0-5-3.lock
391 silly addNameRange number 2 { name: 'lru-cache', range: '>=2.0.0- <3.0.0-', hasData: true }
392 silly addNameRange versions [ 'lru-cache',
392 silly addNameRange   [ '1.0.1',
392 silly addNameRange     '1.0.2',
392 silly addNameRange     '1.0.3',
392 silly addNameRange     '1.0.4',
392 silly addNameRange     '1.0.5',
392 silly addNameRange     '1.0.6',
392 silly addNameRange     '1.1.0',
392 silly addNameRange     '1.1.1',
392 silly addNameRange     '2.0.0',
392 silly addNameRange     '2.0.1',
392 silly addNameRange     '2.0.2',
392 silly addNameRange     '2.0.3',
392 silly addNameRange     '2.0.4',
392 silly addNameRange     '2.1.0',
392 silly addNameRange     '2.2.0',
392 silly addNameRange     '2.2.1',
392 silly addNameRange     '2.2.2',
392 silly addNameRange     '2.2.4',
392 silly addNameRange     '2.3.0',
392 silly addNameRange     '2.3.1',
392 silly addNameRange     '2.5.0' ] ]
393 verbose addNamed [ 'lru-cache', '2.5.0' ]
394 verbose addNamed [ '2.5.0', '2.5.0' ]
395 silly lockFile 30aa630e-lru-cache-2-5-0 lru-cache@2.5.0
396 verbose lock lru-cache@2.5.0 /root/.npm/30aa630e-lru-cache-2-5-0.lock
397 verbose read json /root/.npm/sigmund/1.0.0/package/package.json
398 verbose about to build /opt/node/lib/node_modules/nodemon/node_modules/update-notifier
399 info /opt/node/lib/node_modules/nodemon/node_modules/update-notifier unbuild
400 verbose from cache /opt/node/lib/node_modules/nodemon/node_modules/update-notifier/package.json
401 verbose read json /root/.npm/event-stream/0.5.3/package/package.json
402 verbose read json /root/.npm/lru-cache/2.5.0/package/package.json
403 silly lockFile 7b2d1244-sigmund-1-0-0 sigmund@1.0.0
404 silly lockFile 64ac5a06-event-stream-0-5-3 event-stream@0.5.3
405 silly lockFile 30aa630e-lru-cache-2-5-0 lru-cache@2.5.0
406 silly lockFile 584a4a05-sigmund-1-0-0 sigmund@~1.0.0
407 silly lockFile e4abd6f5-event-stream-0-5 event-stream@~0.5
408 silly lockFile b4f9d1ff-lru-cache-2 lru-cache@2
409 silly resolved [ { name: 'event-stream',
409 silly resolved     version: '0.5.3',
409 silly resolved     description: 'construct pipes of streams of events',
409 silly resolved     homepage: 'http://github.com/dominictarr/event-stream',
409 silly resolved     repository:
409 silly resolved      { type: 'git',
409 silly resolved        url: 'https://github.com/dominictarr/event-stream.git' },
409 silly resolved     dependencies: { optimist: '0.2' },
409 silly resolved     devDependencies: { asynct: '1', 'it-is': '1', 'd-utils': '2.3' },
409 silly resolved     author:
409 silly resolved      { name: 'Dominic Tarr',
409 silly resolved        email: 'dominic.tarr@gmail.com',
409 silly resolved        url: 'http://bit.ly/dominictarr' },
409 silly resolved     readme: '# EventStream\n\n[Streams](http://nodejs.org/api/streams.html "Stream") are nodes best and most misunderstood idea, and \n_<em>EventStream</em>_ is a toolkit to make creating and working with streams <em>easy</em>.  \n\nNormally, streams are only used of IO,  \nbut in event stream we send all kinds of objects down the pipe.  \nIf your application\'s <em>input</em> and <em>output</em> are streams,  \nshouldn\'t the <em>throughput</em> be a stream too?  \n\nThe *EventStream* functions resemble the array functions,  \nbecause Streams are like Arrays, but laid out in time, rather than in memory.  \n\n<em>All the `event-stream` functions return instances of `Stream`</em>.\n\nStream API docs: [nodejs.org/api/streams](http://nodejs.org/api/streams.html "Stream")\n\nNOTE: I shall use the term <em>"through stream"</em> to refer to a stream that is writable <em>and</em> readable.  \n\n###[simple example](https://github.com/dominictarr/event-stream/blob/master/examples/pretty.js):\n\n``` js\n\n//pretty.js\n\nif(!module.parent) {\n  var es = require(\'event-stream\')\n  es.connect(                         //connect streams together with `pipe`\n    process.openStdin(),              //open stdin\n    es.split(),                       //split stream to break on newlines\n    es.map(function (data, callback) {//turn this async function into a stream\n      callback(null\n        , inspect(JSON.parse(data)))  //render it nicely\n    }),\n    process.stdout                    // pipe it to stdout !\n    )\n  }\n```\nrun it ...\n\n``` bash  \ncurl -sS registry.npmjs.org/event-stream | node pretty.js\n```\n \n[test are in event-stream_tests](https://github.com/dominictarr/event-stream_tests)\n\n[node Stream documentation](http://nodejs.org/api/streams.html)\n\n##map (asyncFunction)\n\nCreate a through stream from an asyncronous function.  \n\n``` js\nvar es = require(\'event-stream\')\n\nes.map(function (data, callback) {\n  //transform data\n  // ...\n  callback(null, data)\n})\n\n```\n\nEach map MUST call the callback. It may callback with data, with an error or with no arguments, \n\n  * `callback()` drop this data.  \n    this makes the map work like `filter`,  \n    note:`callback(null,null)` is not the same, and will emit `null`\n\n  * `callback(null, newData)` turn data into newData\n    \n  * `callback(error)` emit an error for this item.\n\n>Note: if a callback is not called, `map` will think that it is still being processed,   \n>every call must be answered or the stream will not know when to end.  \n>\n>Also, if the callback is called more than once, every call but the first will be ignored.\n\n##readable (asyncFunction) \n\ncreate a readable stream (that respects pause) from an async function.  \nwhile the stream is not paused,  \nthe function will be polled with `(count, callback)`,  \nand `this`  will be the readable stream.\n\n``` js\n\nes.readable(function (count, callback) {\n  if(streamHasEnded)\n    return this.emit(\'end\')\n  \n  //...\n  \n  this.emit(\'data\', data) //use this way to emit multiple chunks per call.\n      \n  callback() // you MUST always call the callback eventually.\n             // the function will not be called again until you do this.\n})\n```\nyou can also pass the data and the error to the callback.  \nyou may only call the callback once.  \ncalling the same callback more than once will have no effect.  \n\n##readArray (array)\n\nCreate a readable stream from an Array.\n\nJust emit each item as a data event, respecting `pause` and `resume`.\n\n``` js\n  var es = require(\'event-stream\')\n    , reader = es.readArray([1,2,3])\n\n  reader.pipe(...)\n```\n\n## writeArray (callback)\n\ncreate a writeable stream from a callback,  \nall `data` events are stored in an array, which is passed to the callback when the stream ends.\n\n``` js\n  var es = require(\'event-stream\')\n    , reader = es.readArray([1, 2, 3])\n    , writer = es.writeArray(function (err, array){\n      //array deepEqual [1, 2, 3]\n    })\n\n  reader.pipe(writer)\n```\n\n## split ()\n\nBreak up a stream and reassemble it so that each line is a chunk.  \n\nExample, read every line in a file ...\n\n``` js\n  es.connect(\n    fs.createReadStream(file, {flags: \'r\'}),\n    es.split(),\n    es.map(function (line, cb) {\n       //do something with the line \n       cb(null, line)\n    })\n  )\n\n```\n\n## connect (stream1,...,streamN)\n\nConnect multiple Streams together into one stream.  \n`connect` will return a Stream. This stream will write to the first stream,\nand will emit data from the last stream. \n\nListening for \'error\' will recieve errors from all streams inside the pipe.\n\n``` js\n\n  es.connect(                         //connect streams together with `pipe`\n    process.openStdin(),              //open stdin\n    es.split(),                       //split stream to break on newlines\n    es.map(function (data, callback) {//turn this async function into a stream\n      callback(null\n        , inspect(JSON.parse(data)))  //render it nicely\n    }),\n    process.stdout                    // pipe it to stdout !\n    )\n```\n\n## gate (isShut=true) \n\nIf the gate is `shut`, buffer the stream.  \nAll calls to write will return false (pause upstream),  \nand end will not be sent downstream.  \n\nIf the gate is open, let the stream through.  \n\nNamed `shut` instead of close, because close is already kinda meaningful with streams.  \n\nGate is useful for holding off processing a stream until some resource (i.e. a database, or network connection) is ready.  \n\n``` js\n\n  var gate = es.gate()\n  \n  gate.open() //allow the gate to stream\n  \n  gate.close() //buffer the stream, also do not allow \'end\' \n\n```\n\n## duplex\n\nTakes a writable stream and a readable stream and makes them appear as a readable writable stream.\n\nIt is assumed that the two streams are connected to each other in some way.  \n\n(This is used by `connect` and `child`.)\n\n``` js\n  var grep = cp.exec(\'grep Stream\')\n\n  es.duplex(grep.stdin, grep.stdout)\n```\n\n## child (child_process)\n\nCreate a through stream from a child process ...\n\n``` js\n  var cp = require(\'child_process\')\n\n  es.child(cp.exec(\'grep Stream\')) // a through stream\n\n```\n\n## pipeable (streamCreatorFunction,...)\n\nThe arguments to pipable must be functions that return  \ninstances of Stream or async functions.  \n(If a function is returned, it will be turned into a Stream  \nwith `es.map`.)\n\nHere is the first example rewritten to use `pipeable`.\n\n``` js\n//examples/pretty_pipeable.js\nvar inspect = require(\'util\').inspect\n\nif(!module.parent)\n  require(\'event-stream\').pipeable(function () {\n    return function (data, callback) {\n      try {\n        data = JSON.parse(data)\n      } catch (err) {}              //pass non JSON straight through!\n      callback(null, inspect(data))\n      }\n    })  \n  })\n```\n\n``` bash\n\ncurl -sS registry.npmjs.org/event-stream | node pipeable_pretty.js\n\n## or, turn the pipe into a server!\n\nnode pipeable_pretty.js --port 4646\n\ncurl -sS registry.npmjs.org/event-stream | curl -sSNT- localhost:4646\n\n```\n## compatible modules:\n\n  * https://github.com/felixge/node-growing-file  \n    stream changes on file that is being appended to. just like `tail -f`\n\n  * https://github.com/isaacs/sax-js  \n    streaming xml parser\n\n  * https://github.com/mikeal/request  \n    make http requests. request() returns a through stream!\n\n  * https://github.com/TooTallNate/node-throttle  \n    throttle streams on a bytes per second basis (binary streams only, of course)\n    \n  * https://github.com/mikeal/morestreams  \n    buffer input until connected to a pipe.\n    \n  * https://github.com/TooTallNate/node-gzip-stack  \n    compress and decompress raw streams.\n\n  * https://github.com/Floby/node-json-streams  \n    parse json without buffering it first\n    \n  * https://github.com/floby/node-tokenizer  \n    tokenizer\n  \n  * https://github.com/floby/node-parser  \n    general mechanisms for custom parsers\n    \n  * https://github.com/dodo/node-bufferstream  \n    buffer streams until you say (written in C)\n\n  * https://github.com/tim-smart/node-filter  \n    `filter` pipeable string.replace\n    \n\n## almost compatible modules: (1+ these issues)\n\n  * https://github.com/fictorial/json-line-protocol/issues/1  \n    line reader\n    \n  * https://github.com/jahewson/node-byline/issues/1  \n    line reader\n\n  * https://github.com/AvianFlu/ntwitter/issues/3  \n    twitter client\n\n  * https://github.com/swdyh/node-chirpstream/issues/1  \n    twitter client\n    \n  * https://github.com/polotek/evented-twitter/issues/22  \n    twitter client\n\n\n<!--\nTODO, the following methods are not implemented yet.\n\n## sidestream (stream1,...,streamN)\n\nPipes the incoming stream to many writable streams.  \nremits the input stream.\n\n``` js\n  es.sidestream( //will log the stream to a file\n    es.connect(\n      es.mapSync(function (j) {return JSON.stringify(j) + \'/n\'}),\n      fs.createWruteStream(file, {flags: \'a\'})\n    )\n```\n\n## merge (stream1,...,streamN)\n\nCreate a readable stream that merges many streams into one.\n\n(Not implemented yet.)\n\n### another pipe example\n\nSEARCH SUBDIRECTORIES FROM CWD  \nFILTER IF NOT A GIT REPO  \nMAP TO GIT STATUS --porclean + the directory  \nFILTER IF EMPTY STATUS  \nprocess.stdout  \nthat will show all the repos which have unstaged changes  \n\n## TODO & applications\n\n  * buffer -- buffer items\n  * rate limiter\n  * save to database\n    * couch\n    * redis\n    * mongo\n    * file(s)\n  * read from database\n    * couch\n    * redis\n    * mongo\n    * file(s)\n  * recursive\n    * search filesystem\n    * scrape web pages (load pages, parse for links, etc)\n    * module dependencies\n  \n-->',
409 silly resolved     _id: 'event-stream@0.5.3',
409 silly resolved     _from: 'event-stream@~0.5' } ]
410 info install event-stream@0.5.3 into /opt/node/lib/node_modules/nodemon/node_modules/ps-tree
411 info installOne event-stream@0.5.3
412 silly resolved [ { name: 'sigmund',
412 silly resolved     version: '1.0.0',
412 silly resolved     description: 'Quick and dirty signatures for Objects.',
412 silly resolved     main: 'sigmund.js',
412 silly resolved     directories: { test: 'test' },
412 silly resolved     dependencies: {},
412 silly resolved     devDependencies: { tap: '~0.3.0' },
412 silly resolved     scripts: { test: 'tap test/*.js', bench: 'node bench.js' },
412 silly resolved     repository: { type: 'git', url: 'git://github.com/isaacs/sigmund' },
412 silly resolved     keywords: [ 'object', 'signature', 'key', 'data', 'psychoanalysis' ],
412 silly resolved     author:
412 silly resolved      { name: 'Isaac Z. Schlueter',
412 silly resolved        email: 'i@izs.me',
412 silly resolved        url: 'http://blog.izs.me/' },
412 silly resolved     license: 'BSD',
412 silly resolved     readme: '# sigmund\n\nQuick and dirty signatures for Objects.\n\nThis is like a much faster `deepEquals` comparison, which returns a\nstring key suitable for caches and the like.\n\n## Usage\n\n```javascript\nfunction doSomething (someObj) {\n  var key = sigmund(someObj, maxDepth) // max depth defaults to 10\n  var cached = cache.get(key)\n  if (cached) return cached)\n\n  var result = expensiveCalculation(someObj)\n  cache.set(key, result)\n  return result\n}\n```\n\nThe resulting key will be as unique and reproducible as calling\n`JSON.stringify` or `util.inspect` on the object, but is much faster.\nIn order to achieve this speed, some differences are glossed over.\nFor example, the object `{0:\'foo\'}` will be treated identically to the\narray `[\'foo\']`.\n\nAlso, just as there is no way to summon the soul from the scribblings\nof a cocain-addled psychoanalyst, there is no way to revive the object\nfrom the signature string that sigmund gives you.  In fact, it\'s\nbarely even readable.\n\nAs with `sys.inspect` and `JSON.stringify`, larger objects will\nproduce larger signature strings.\n\nBecause sigmund is a bit less strict than the more thorough\nalternatives, the strings will be shorter, and also there is a\nslightly higher chance for collisions.  For example, these objects\nhave the same signature:\n\n    var obj1 = {a:\'b\',c:/def/,g:[\'h\',\'i\',{j:\'\',k:\'l\'}]}\n    var obj2 = {a:\'b\',c:\'/def/\',g:[\'h\',\'i\',\'{jkl\']}\n\nLike a good Freudian, sigmund is most effective when you already have\nsome understanding of what you\'re looking for.  It can help you help\nyourself, but you must be willing to do some work as well.\n\nCycles are handled, and cyclical objects are silently omitted (though\nthe key is included in the signature output.)\n\nThe second argument is the maximum depth, which defaults to 10,\nbecause that is the maximum object traversal depth covered by most\ninsurance carriers.\n',
412 silly resolved     _id: 'sigmund@1.0.0',
412 silly resolved     _from: 'sigmund@~1.0.0' },
412 silly resolved   { name: 'lru-cache',
412 silly resolved     description: 'A cache object that deletes the least-recently-used items.',
412 silly resolved     version: '2.5.0',
412 silly resolved     author: { name: 'Isaac Z. Schlueter', email: 'i@izs.me' },
412 silly resolved     scripts: { test: 'tap test --gc' },
412 silly resolved     main: 'lib/lru-cache.js',
412 silly resolved     repository:
412 silly resolved      { type: 'git',
412 silly resolved        url: 'git://github.com/isaacs/node-lru-cache.git' },
412 silly resolved     devDependencies: { tap: '', weak: '' },
412 silly resolved     license:
412 silly resolved      { type: 'MIT',
412 silly resolved        url: 'http://github.com/isaacs/node-lru-cache/raw/master/LICENSE' },
412 silly resolved     readme: '# lru cache\n\nA cache object that deletes the least-recently-used items.\n\n## Usage:\n\n```javascript\nvar LRU = require("lru-cache")\n  , options = { max: 500\n              , length: function (n) { return n * 2 }\n              , dispose: function (key, n) { n.close() }\n              , maxAge: 1000 * 60 * 60 }\n  , cache = LRU(options)\n  , otherCache = LRU(50) // sets just the max size\n\ncache.set("key", "value")\ncache.get("key") // "value"\n\ncache.reset()    // empty the cache\n```\n\nIf you put more stuff in it, then items will fall out.\n\nIf you try to put an oversized thing in it, then it\'ll fall out right\naway.\n\n## Options\n\n* `max` The maximum size of the cache, checked by applying the length\n  function to all values in the cache.  Not setting this is kind of\n  silly, since that\'s the whole purpose of this lib, but it defaults\n  to `Infinity`.\n* `maxAge` Maximum age in ms.  Items are not pro-actively pruned out\n  as they age, but if you try to get an item that is too old, it\'ll\n  drop it and return undefined instead of giving it to you.\n* `length` Function that is used to calculate the length of stored\n  items.  If you\'re storing strings or buffers, then you probably want\n  to do something like `function(n){return n.length}`.  The default is\n  `function(n){return 1}`, which is fine if you want to store `n`\n  like-sized things.\n* `dispose` Function that is called on items when they are dropped\n  from the cache.  This can be handy if you want to close file\n  descriptors or do other cleanup tasks when items are no longer\n  accessible.  Called with `key, value`.  It\'s called *before*\n  actually removing the item from the internal cache, so if you want\n  to immediately put it back in, you\'ll have to do that in a\n  `nextTick` or `setTimeout` callback or it won\'t do anything.\n* `stale` By default, if you set a `maxAge`, it\'ll only actually pull\n  stale items out of the cache when you `get(key)`.  (That is, it\'s\n  not pre-emptively doing a `setTimeout` or anything.)  If you set\n  `stale:true`, it\'ll return the stale value before deleting it.  If\n  you don\'t set this, then it\'ll return `undefined` when you try to\n  get a stale entry, as if it had already been deleted.\n\n## API\n\n* `set(key, value)`\n* `get(key) => value`\n\n    Both of these will update the "recently used"-ness of the key.\n    They do what you think.\n\n* `peek(key)`\n\n    Returns the key value (or `undefined` if not found) without\n    updating the "recently used"-ness of the key.\n\n    (If you find yourself using this a lot, you *might* be using the\n    wrong sort of data structure, but there are some use cases where\n    it\'s handy.)\n\n* `del(key)`\n\n    Deletes a key out of the cache.\n\n* `reset()`\n\n    Clear the cache entirely, throwing away all values.\n\n* `has(key)`\n\n    Check if a key is in the cache, without updating the recent-ness\n    or deleting it for being stale.\n\n* `forEach(function(value,key,cache), [thisp])`\n\n    Just like `Array.prototype.forEach`.  Iterates over all the keys\n    in the cache, in order of recent-ness.  (Ie, more recently used\n    items are iterated over first.)\n\n* `keys()`\n\n    Return an array of the keys in the cache.\n\n* `values()`\n\n    Return an array of the values in the cache.\n',
412 silly resolved     _id: 'lru-cache@2.5.0',
412 silly resolved     _from: 'lru-cache@2' } ]
413 info install sigmund@1.0.0 into /opt/node/lib/node_modules/nodemon/node_modules/minimatch
414 info install lru-cache@2.5.0 into /opt/node/lib/node_modules/nodemon/node_modules/minimatch
415 info installOne sigmund@1.0.0
416 info installOne lru-cache@2.5.0
417 verbose from cache /root/.npm/event-stream/0.5.3/package/package.json
418 verbose from cache /root/.npm/sigmund/1.0.0/package/package.json
419 verbose from cache /root/.npm/lru-cache/2.5.0/package/package.json
420 info preuninstall update-notifier@0.1.10
421 info /opt/node/lib/node_modules/nodemon/node_modules/ps-tree/node_modules/event-stream unbuild
422 verbose read json /opt/node/lib/node_modules/nodemon/node_modules/ps-tree/node_modules/event-stream/package.json
423 info /opt/node/lib/node_modules/nodemon/node_modules/minimatch/node_modules/sigmund unbuild
424 verbose read json /opt/node/lib/node_modules/nodemon/node_modules/minimatch/node_modules/sigmund/package.json
425 info /opt/node/lib/node_modules/nodemon/node_modules/minimatch/node_modules/lru-cache unbuild
426 verbose read json /opt/node/lib/node_modules/nodemon/node_modules/minimatch/node_modules/lru-cache/package.json
427 http 304 https://registry.npmjs.org/semver
428 silly registry.get cb [ 304,
428 silly registry.get   { date: 'Wed, 18 Jun 2014 19:39:13 GMT',
428 silly registry.get     server: 'Apache',
428 silly registry.get     via: '1.1 varnish',
428 silly registry.get     'last-modified': 'Wed, 18 Jun 2014 19:39:11 GMT',
428 silly registry.get     'cache-control': 'max-age=30',
428 silly registry.get     etag: '"9BB9IFQIXLLPQ9NWWG9M1X5NW"',
428 silly registry.get     'x-served-by': 'cache-fra1230-FRA',
428 silly registry.get     'x-cache': 'HIT',
428 silly registry.get     'x-cache-hits': '1',
428 silly registry.get     'x-timer': 'S1403120353.788251,VS0,VE0',
428 silly registry.get     vary: 'Accept',
428 silly registry.get     'content-length': '0',
428 silly registry.get     'keep-alive': 'timeout=10, max=49',
428 silly registry.get     connection: 'Keep-Alive' } ]
429 verbose etag semver from cache
430 http 304 https://registry.npmjs.org/request
431 silly registry.get cb [ 304,
431 silly registry.get   { date: 'Wed, 18 Jun 2014 19:39:13 GMT',
431 silly registry.get     server: 'Apache',
431 silly registry.get     via: '1.1 varnish',
431 silly registry.get     'last-modified': 'Wed, 18 Jun 2014 19:39:13 GMT',
431 silly registry.get     'cache-control': 'max-age=30',
431 silly registry.get     etag: '"1IECX21XLZDGVXW8LDF6L6KQ2"',
431 silly registry.get     'x-served-by': 'cache-fra1227-FRA',
431 silly registry.get     'x-cache': 'HIT',
431 silly registry.get     'x-cache-hits': '1',
431 silly registry.get     'x-timer': 'S1403120353.781407,VS0,VE0',
431 silly registry.get     vary: 'Accept',
431 silly registry.get     'content-length': '0',
431 silly registry.get     'keep-alive': 'timeout=10, max=49',
431 silly registry.get     connection: 'Keep-Alive' } ]
432 verbose etag request from cache
433 info uninstall update-notifier@0.1.10
434 verbose tar unpack /root/.npm/event-stream/0.5.3/package.tgz
435 verbose tar unpack /root/.npm/sigmund/1.0.0/package.tgz
436 verbose tar unpack /root/.npm/lru-cache/2.5.0/package.tgz
437 verbose false,/opt/node/lib/node_modules,/opt/node/lib/node_modules/nodemon/node_modules unbuild update-notifier@0.1.10
438 info postuninstall update-notifier@0.1.10
439 silly lockFile 85d2d02f-semver-2-3-0 semver@^2.3.0
440 silly lockFile b70a8d49-request-2-36-0 request@^2.36.0
441 silly lockFile 71f40371-s-tree-node-modules-event-stream /opt/node/lib/node_modules/nodemon/node_modules/ps-tree/node_modules/event-stream
442 verbose lock /opt/node/lib/node_modules/nodemon/node_modules/ps-tree/node_modules/event-stream /root/.npm/71f40371-s-tree-node-modules-event-stream.lock
443 silly lockFile 781958e8-s-minimatch-node-modules-sigmund /opt/node/lib/node_modules/nodemon/node_modules/minimatch/node_modules/sigmund
444 verbose lock /opt/node/lib/node_modules/nodemon/node_modules/minimatch/node_modules/sigmund /root/.npm/781958e8-s-minimatch-node-modules-sigmund.lock
445 silly lockFile 5ab98188-minimatch-node-modules-lru-cache /opt/node/lib/node_modules/nodemon/node_modules/minimatch/node_modules/lru-cache
446 verbose lock /opt/node/lib/node_modules/nodemon/node_modules/minimatch/node_modules/lru-cache /root/.npm/5ab98188-minimatch-node-modules-lru-cache.lock
447 silly gunzTarPerm modes [ '755', '644' ]
448 silly gunzTarPerm modes [ '755', '644' ]
449 silly gunzTarPerm modes [ '755', '644' ]
450 http 304 https://registry.npmjs.org/configstore
451 silly registry.get cb [ 304,
451 silly registry.get   { date: 'Wed, 18 Jun 2014 19:39:15 GMT',
451 silly registry.get     server: 'Apache',
451 silly registry.get     via: '1.1 varnish',
451 silly registry.get     'last-modified': 'Wed, 18 Jun 2014 19:39:15 GMT',
451 silly registry.get     'cache-control': 'max-age=30',
451 silly registry.get     etag: '"7J5Q7XMBIRVKVUHXVHARFF6J1"',
451 silly registry.get     'x-served-by': 'cache-fra1234-FRA',
451 silly registry.get     'x-cache': 'HIT',
451 silly registry.get     'x-cache-hits': '1',
451 silly registry.get     'x-timer': 'S1403120355.083201,VS0,VE0',
451 silly registry.get     vary: 'Accept',
451 silly registry.get     'content-length': '0',
451 silly registry.get     'keep-alive': 'timeout=10, max=50',
451 silly registry.get     connection: 'Keep-Alive' } ]
452 verbose etag configstore from cache
453 silly gunzTarPerm extractEntry package.json
454 silly gunzTarPerm extractEntry package.json
455 verbose about to build /opt/node/lib/node_modules/nodemon
456 info /opt/node/lib/node_modules/nodemon unbuild
457 verbose from cache /opt/node/lib/node_modules/nodemon/package.json
458 silly gunzTarPerm extractEntry package.json
459 silly gunzTarPerm extractEntry .npmignore
460 silly gunzTarPerm extractEntry LICENCE
461 silly gunzTarPerm extractEntry README.md
462 silly gunzTarPerm extractEntry LICENSE
463 silly gunzTarPerm extractEntry .npmignore
464 silly gunzTarPerm extractEntry README.md
465 silly lockFile 5d6e0360-configstore-0-3-0 configstore@^0.3.0
466 silly gunzTarPerm extractEntry index.js
467 silly gunzTarPerm extractEntry out
468 silly gunzTarPerm extractEntry sigmund.js
469 silly gunzTarPerm extractEntry bench.js
470 silly gunzTarPerm extractEntry LICENSE
471 silly gunzTarPerm extractEntry lib/lru-cache.js
472 silly gunzTarPerm extractEntry test/basic.js
473 silly gunzTarPerm extractEntry test/package.json
474 silly gunzTarPerm extractEntry test/.npmignore
475 silly gunzTarPerm extractEntry test/pipe.async.js
476 silly gunzTarPerm extractEntry test/memory-leak.js
477 silly gunzTarPerm extractEntry test/foreach.js
478 silly gunzTarPerm extractEntry test/basic.js
479 silly gunzTarPerm extractEntry CONTRIBUTORS
480 silly gunzTarPerm extractEntry test/readArray.asynct.js
481 silly gunzTarPerm extractEntry test/split.asynct.js
482 silly gunzTarPerm extractEntry test/simple-map.asynct.js
483 silly gunzTarPerm extractEntry test/writeArray.asynct.js
484 silly gunzTarPerm extractEntry test/readme.markdown
485 silly gunzTarPerm extractEntry examples/pretty.js
486 silly gunzTarPerm extractEntry .gitmodules
487 silly gunzTarPerm extractEntry readme.markdown
488 info preuninstall nodemon@1.2.0
489 info uninstall nodemon@1.2.0
490 verbose true,/opt/node/lib/node_modules,/opt/node/lib/node_modules unbuild nodemon@1.2.0
491 verbose /opt/node/bin,[object Object] binRoot
492 info postuninstall nodemon@1.2.0
493 error error rolling back Error: ENOTEMPTY, rmdir '/opt/node/lib/node_modules/nodemon/node_modules/ps-tree/node_modules/event-stream'
493 error error rolling back  nodemon@1.2.0 { [Error: ENOTEMPTY, rmdir '/opt/node/lib/node_modules/nodemon/node_modules/ps-tree/node_modules/event-stream']
493 error error rolling back   errno: 53,
493 error error rolling back   code: 'ENOTEMPTY',
493 error error rolling back   path: '/opt/node/lib/node_modules/nodemon/node_modules/ps-tree/node_modules/event-stream' }
494 error Error: No compatible version found: chalk@'^0.4.0'
494 error Valid install targets:
494 error ["0.1.0","0.1.1","0.2.0","0.2.1","0.3.0","0.4.0"]
494 error     at installTargetsError (/opt/node/lib/node_modules/npm/lib/cache.js:553:10)
494 error     at /opt/node/lib/node_modules/npm/lib/cache.js:477:15
494 error     at saved (/opt/node/lib/node_modules/npm/node_modules/npm-registry-client/lib/get.js:138:7)
494 error     at /opt/node/lib/node_modules/npm/node_modules/graceful-fs/graceful-fs.js:218:7
494 error     at Object.oncomplete (fs.js:297:15)
495 error If you need help, you may report this log at:
495 error     <http://github.com/isaacs/npm/issues>
495 error or email it to:
495 error     <npm-@googlegroups.com>
496 error System Linux 2.6.28.10-power52
497 error command "/opt/node/bin/node" "/opt/node/bin/npm" "install" "-g" "nodemon"
498 error cwd /www/node
499 error node -v v0.8.12
500 error npm -v 1.1.63
501 verbose exit [ 1, true ]
